Mapping file not found. Proceeding without genre filtering.
Loaded genre-to-movies mapping

========== Fold 1 ==========
3883
Fold 1 Epoch 001; Train loss: 0.5709; Time: 00:00:05
Fold 1 Epoch 002; Train loss: 0.4454; Time: 00:00:04
Fold 1 Epoch 003; Train loss: 0.3227; Time: 00:00:04
Fold 1 Epoch 004; Train loss: 0.2537; Time: 00:00:04
Fold 1 Epoch 005; Train loss: 0.2902; Time: 00:00:04
Fold 1 Epoch 006; Train loss: 0.2388; Time: 00:00:04
Fold 1 Epoch 007; Train loss: 0.1927; Time: 00:00:03
Fold 1 Epoch 008; Train loss: 0.2409; Time: 00:00:04
Fold 1 Epoch 009; Train loss: 0.2002; Time: 00:00:03
Fold 1 Epoch 010; Train loss: 0.1565; Time: 00:00:04
Fold 1: Evaluation at Epoch 10
HR@5       NDCG@5     HR@10      NDCG@10   
0.557947   0.497879   0.614238   0.516325  
Loss: 0.3223
Fold 1 Epoch 011; Train loss: 0.1491; Time: 00:00:04
Fold 1 Epoch 012; Train loss: 0.1025; Time: 00:00:04
Fold 1 Epoch 013; Train loss: 0.1523; Time: 00:00:03
Fold 1 Epoch 014; Train loss: 0.1270; Time: 00:00:03
Fold 1 Epoch 015; Train loss: 0.1494; Time: 00:00:04
Fold 1 Epoch 016; Train loss: 0.1691; Time: 00:00:04
Fold 1 Epoch 017; Train loss: 0.1030; Time: 00:00:04
Fold 1 Epoch 018; Train loss: 0.0869; Time: 00:00:04
Fold 1 Epoch 019; Train loss: 0.1302; Time: 00:00:05
Fold 1 Epoch 020; Train loss: 0.1389; Time: 00:00:04
Fold 1: Evaluation at Epoch 20
HR@5       NDCG@5     HR@10      NDCG@10   
0.725166   0.656493   0.753311   0.665765  
Loss: 0.2457
Fold 1 Epoch 021; Train loss: 0.1119; Time: 00:00:04
Fold 1 Epoch 022; Train loss: 0.1476; Time: 00:00:04
Fold 1 Epoch 023; Train loss: 0.0610; Time: 00:00:04
Fold 1 Epoch 024; Train loss: 0.1746; Time: 00:00:04
Fold 1 Epoch 025; Train loss: 0.1231; Time: 00:00:04
Fold 1 Epoch 026; Train loss: 0.0813; Time: 00:00:04
Fold 1 Epoch 027; Train loss: 0.0897; Time: 00:00:03
Fold 1 Epoch 028; Train loss: 0.0940; Time: 00:00:05
Fold 1 Epoch 029; Train loss: 0.1089; Time: 00:00:04
Fold 1 Epoch 030; Train loss: 0.0650; Time: 00:00:04
Fold 1: Evaluation at Epoch 30
HR@5       NDCG@5     HR@10      NDCG@10   
0.703642   0.645100   0.738411   0.656373  
Loss: 0.2426
Fold 1 Epoch 031; Train loss: 0.0815; Time: 00:00:04
Fold 1 Epoch 032; Train loss: 0.0602; Time: 00:00:04
Fold 1 Epoch 033; Train loss: 0.0832; Time: 00:00:03
Fold 1 Epoch 034; Train loss: 0.0572; Time: 00:00:04
Fold 1 Epoch 035; Train loss: 0.1145; Time: 00:00:03
Fold 1 Epoch 036; Train loss: 0.0452; Time: 00:00:04
Fold 1 Epoch 037; Train loss: 0.0689; Time: 00:00:04
Fold 1 Epoch 038; Train loss: 0.0935; Time: 00:00:04
Fold 1 Epoch 039; Train loss: 0.0726; Time: 00:00:04
Fold 1 Epoch 040; Train loss: 0.0740; Time: 00:00:04
Fold 1: Evaluation at Epoch 40
HR@5       NDCG@5     HR@10      NDCG@10   
0.768212   0.724179   0.784768   0.729679  
Loss: 0.2190
Fold 1 Epoch 041; Train loss: 0.0591; Time: 00:00:04
Fold 1 Epoch 042; Train loss: 0.0571; Time: 00:00:04
Fold 1 Epoch 043; Train loss: 0.0546; Time: 00:00:03
Fold 1 Epoch 044; Train loss: 0.0898; Time: 00:00:03
Fold 1 Epoch 045; Train loss: 0.0421; Time: 00:00:03
Fold 1 Epoch 046; Train loss: 0.0616; Time: 00:00:04
Fold 1 Epoch 047; Train loss: 0.0773; Time: 00:00:04
Fold 1 Epoch 048; Train loss: 0.0627; Time: 00:00:04
Fold 1 Epoch 049; Train loss: 0.0452; Time: 00:00:04
Fold 1 Epoch 050; Train loss: 0.0557; Time: 00:00:04
Fold 1: Evaluation at Epoch 50
HR@5       NDCG@5     HR@10      NDCG@10   
0.771523   0.721613   0.799669   0.730789  
Loss: 0.2107
Fold 1 Epoch 051; Train loss: 0.0247; Time: 00:00:04
Fold 1 Epoch 052; Train loss: 0.0311; Time: 00:00:04
Fold 1 Epoch 053; Train loss: 0.0885; Time: 00:00:04
Fold 1 Epoch 054; Train loss: 0.0533; Time: 00:00:04
Fold 1 Epoch 055; Train loss: 0.0700; Time: 00:00:04
Fold 1 Epoch 056; Train loss: 0.0665; Time: 00:00:04
Fold 1 Epoch 057; Train loss: 0.0495; Time: 00:00:04
Fold 1 Epoch 058; Train loss: 0.0441; Time: 00:00:04
Fold 1 Epoch 059; Train loss: 0.0610; Time: 00:00:04
Fold 1 Epoch 060; Train loss: 0.0803; Time: 00:00:04
Fold 1: Evaluation at Epoch 60
HR@5       NDCG@5     HR@10      NDCG@10   
0.784768   0.751403   0.807947   0.759145  
Loss: 0.2025
Fold 1 Epoch 061; Train loss: 0.0435; Time: 00:00:04
Fold 1 Epoch 062; Train loss: 0.0465; Time: 00:00:04
Fold 1 Epoch 063; Train loss: 0.0380; Time: 00:00:04
Fold 1 Epoch 064; Train loss: 0.0691; Time: 00:00:04
Fold 1 Epoch 065; Train loss: 0.0414; Time: 00:00:04
Fold 1 Epoch 066; Train loss: 0.0381; Time: 00:00:04
Fold 1 Epoch 067; Train loss: 0.0611; Time: 00:00:04
Fold 1 Epoch 068; Train loss: 0.0466; Time: 00:00:04
Fold 1 Epoch 069; Train loss: 0.0258; Time: 00:00:04
Fold 1 Epoch 070; Train loss: 0.0132; Time: 00:00:04
Fold 1: Evaluation at Epoch 70
HR@5       NDCG@5     HR@10      NDCG@10   
0.804636   0.763981   0.826159   0.771056  
Loss: 0.1900
Fold 1 Epoch 071; Train loss: 0.0791; Time: 00:00:04
Fold 1 Epoch 072; Train loss: 0.0150; Time: 00:00:05
Fold 1 Epoch 073; Train loss: 0.0410; Time: 00:00:04
Fold 1 Epoch 074; Train loss: 0.0172; Time: 00:00:03
Fold 1 Epoch 075; Train loss: 0.0140; Time: 00:00:04
Fold 1 Epoch 076; Train loss: 0.0316; Time: 00:00:04
Fold 1 Epoch 077; Train loss: 0.0363; Time: 00:00:04
Fold 1 Epoch 078; Train loss: 0.0366; Time: 00:00:04
Fold 1 Epoch 079; Train loss: 0.0233; Time: 00:00:03
Fold 1 Epoch 080; Train loss: 0.0435; Time: 00:00:04
Fold 1: Evaluation at Epoch 80
HR@5       NDCG@5     HR@10      NDCG@10   
0.807947   0.764549   0.836093   0.773802  
Loss: 0.1820
Fold 1 Epoch 081; Train loss: 0.0423; Time: 00:00:04
Fold 1 Epoch 082; Train loss: 0.0264; Time: 00:00:04
Fold 1 Epoch 083; Train loss: 0.0626; Time: 00:00:04
Fold 1 Epoch 084; Train loss: 0.0388; Time: 00:00:03
Fold 1 Epoch 085; Train loss: 0.0287; Time: 00:00:04
Fold 1 Epoch 086; Train loss: 0.0200; Time: 00:00:04
Fold 1 Epoch 087; Train loss: 0.0360; Time: 00:00:04
Fold 1 Epoch 088; Train loss: 0.0102; Time: 00:00:04
Fold 1 Epoch 089; Train loss: 0.0159; Time: 00:00:04
Fold 1 Epoch 090; Train loss: 0.0553; Time: 00:00:04
Fold 1: Evaluation at Epoch 90
HR@5       NDCG@5     HR@10      NDCG@10   
0.821192   0.777974   0.832781   0.781848  
Loss: 0.1835
Fold 1 Epoch 091; Train loss: 0.0481; Time: 00:00:04
Fold 1 Epoch 092; Train loss: 0.0318; Time: 00:00:05
Fold 1 Epoch 093; Train loss: 0.0313; Time: 00:00:04
Fold 1 Epoch 094; Train loss: 0.0259; Time: 00:00:04
Fold 1 Epoch 095; Train loss: 0.0370; Time: 00:00:03
Fold 1 Epoch 096; Train loss: 0.0361; Time: 00:00:04
Fold 1 Epoch 097; Train loss: 0.0250; Time: 00:00:04
Fold 1 Epoch 098; Train loss: 0.0448; Time: 00:00:04
Fold 1 Epoch 099; Train loss: 0.0334; Time: 00:00:04
Fold 1 Epoch 100; Train loss: 0.0204; Time: 00:00:05
Fold 1: Evaluation at Epoch 100
HR@5       NDCG@5     HR@10      NDCG@10   
0.819536   0.787280   0.831126   0.791274  
Loss: 0.1938
Fold 1: Final Test Phase
HR@5       NDCG@5     HR@10      NDCG@10   
0.799669   0.752854   0.817881   0.758737  
Loss: 0.2011
Fold 1: Final Test Loss: 0.2011, HR@5: 0.7997
Results for Fold 1
Fold 1 Metrics:
Epoch	TrainLoss	TestLoss	HR@5	NDCG@5	HR@10	NDCG@10
10	0.1565	0.3223	0.5579	0.4979	0.6142	0.5163
20	0.1389	0.2457	0.7252	0.6565	0.7533	0.6658
30	0.0650	0.2426	0.7036	0.6451	0.7384	0.6564
40	0.0740	0.2190	0.7682	0.7242	0.7848	0.7297
50	0.0557	0.2107	0.7715	0.7216	0.7997	0.7308
60	0.0803	0.2025	0.7848	0.7514	0.8079	0.7591
70	0.0132	0.1900	0.8046	0.7640	0.8262	0.7711
80	0.0435	0.1820	0.8079	0.7645	0.8361	0.7738
90	0.0553	0.1835	0.8212	0.7780	0.8328	0.7818
100	0.0204	0.2011	0.7997	0.7529	0.8179	0.7587


========== Fold 2 ==========
3883
Fold 2 Epoch 001; Train loss: 0.5626; Time: 00:00:04
Fold 2 Epoch 002; Train loss: 0.5041; Time: 00:00:04
Fold 2 Epoch 003; Train loss: 0.3756; Time: 00:00:03
Fold 2 Epoch 004; Train loss: 0.3197; Time: 00:00:04
Fold 2 Epoch 005; Train loss: 0.2743; Time: 00:00:04
Fold 2 Epoch 006; Train loss: 0.3533; Time: 00:00:04
Fold 2 Epoch 007; Train loss: 0.2377; Time: 00:00:05
Fold 2 Epoch 008; Train loss: 0.2051; Time: 00:00:04
Fold 2 Epoch 009; Train loss: 0.2389; Time: 00:00:04
Fold 2 Epoch 010; Train loss: 0.2508; Time: 00:00:05
Fold 2: Evaluation at Epoch 10
HR@5       NDCG@5     HR@10      NDCG@10   
0.607616   0.536919   0.655629   0.552778  
Loss: 0.3076
Fold 2 Epoch 011; Train loss: 0.1713; Time: 00:00:04
Fold 2 Epoch 012; Train loss: 0.1270; Time: 00:00:04
Fold 2 Epoch 013; Train loss: 0.1610; Time: 00:00:04
Fold 2 Epoch 014; Train loss: 0.1459; Time: 00:00:03
Fold 2 Epoch 015; Train loss: 0.1659; Time: 00:00:04
Fold 2 Epoch 016; Train loss: 0.1696; Time: 00:00:04
Fold 2 Epoch 017; Train loss: 0.1179; Time: 00:00:04
Fold 2 Epoch 018; Train loss: 0.1176; Time: 00:00:04
Fold 2 Epoch 019; Train loss: 0.1108; Time: 00:00:04
Fold 2 Epoch 020; Train loss: 0.1053; Time: 00:00:04
Fold 2: Evaluation at Epoch 20
HR@5       NDCG@5     HR@10      NDCG@10   
0.687086   0.626225   0.720199   0.637214  
Loss: 0.2652
Fold 2 Epoch 021; Train loss: 0.1203; Time: 00:00:04
Fold 2 Epoch 022; Train loss: 0.0790; Time: 00:00:04
Fold 2 Epoch 023; Train loss: 0.1123; Time: 00:00:04
Fold 2 Epoch 024; Train loss: 0.0695; Time: 00:00:05
Fold 2 Epoch 025; Train loss: 0.1097; Time: 00:00:04
Fold 2 Epoch 026; Train loss: 0.0986; Time: 00:00:04
Fold 2 Epoch 027; Train loss: 0.1327; Time: 00:00:04
Fold 2 Epoch 028; Train loss: 0.1045; Time: 00:00:04
Fold 2 Epoch 029; Train loss: 0.0866; Time: 00:00:03
Fold 2 Epoch 030; Train loss: 0.0869; Time: 00:00:04
Fold 2: Evaluation at Epoch 30
HR@5       NDCG@5     HR@10      NDCG@10   
0.768212   0.708273   0.791391   0.715716  
Loss: 0.2345
Fold 2 Epoch 031; Train loss: 0.1210; Time: 00:00:03
Fold 2 Epoch 032; Train loss: 0.0412; Time: 00:00:04
Fold 2 Epoch 033; Train loss: 0.1071; Time: 00:00:05
Fold 2 Epoch 034; Train loss: 0.0604; Time: 00:00:04
Fold 2 Epoch 035; Train loss: 0.0762; Time: 00:00:04
Fold 2 Epoch 036; Train loss: 0.0761; Time: 00:00:04
Fold 2 Epoch 037; Train loss: 0.0501; Time: 00:00:04
Fold 2 Epoch 038; Train loss: 0.0695; Time: 00:00:04
Fold 2 Epoch 039; Train loss: 0.0520; Time: 00:00:03
Fold 2 Epoch 040; Train loss: 0.0485; Time: 00:00:04
Fold 2: Evaluation at Epoch 40
HR@5       NDCG@5     HR@10      NDCG@10   
0.778146   0.736744   0.798013   0.743309  
Loss: 0.2129
Fold 2 Epoch 041; Train loss: 0.0563; Time: 00:00:03
Fold 2 Epoch 042; Train loss: 0.0842; Time: 00:00:04
Fold 2 Epoch 043; Train loss: 0.0631; Time: 00:00:03
Fold 2 Epoch 044; Train loss: 0.0381; Time: 00:00:03
Fold 2 Epoch 045; Train loss: 0.0749; Time: 00:00:04
Fold 2 Epoch 046; Train loss: 0.1018; Time: 00:00:04
Fold 2 Epoch 047; Train loss: 0.0623; Time: 00:00:04
Fold 2 Epoch 048; Train loss: 0.0419; Time: 00:00:04
Fold 2 Epoch 049; Train loss: 0.0712; Time: 00:00:04
Fold 2 Epoch 050; Train loss: 0.0459; Time: 00:00:04
Fold 2: Evaluation at Epoch 50
HR@5       NDCG@5     HR@10      NDCG@10   
0.802980   0.755880   0.821192   0.761839  
Loss: 0.1989
Fold 2 Epoch 051; Train loss: 0.0479; Time: 00:00:04
Fold 2 Epoch 052; Train loss: 0.0625; Time: 00:00:04
Fold 2 Epoch 053; Train loss: 0.0444; Time: 00:00:04
Fold 2 Epoch 054; Train loss: 0.0577; Time: 00:00:04
Fold 2 Epoch 055; Train loss: 0.0576; Time: 00:00:04
Fold 2 Epoch 056; Train loss: 0.0598; Time: 00:00:04
Fold 2 Epoch 057; Train loss: 0.0345; Time: 00:00:04
Fold 2 Epoch 058; Train loss: 0.0341; Time: 00:00:04
Fold 2 Epoch 059; Train loss: 0.0246; Time: 00:00:04
Fold 2 Epoch 060; Train loss: 0.0509; Time: 00:00:04
Fold 2: Evaluation at Epoch 60
HR@5       NDCG@5     HR@10      NDCG@10   
0.793046   0.748496   0.807947   0.753260  
Loss: 0.1935
Fold 2 Epoch 061; Train loss: 0.0289; Time: 00:00:04
Fold 2 Epoch 062; Train loss: 0.0538; Time: 00:00:03
Fold 2 Epoch 063; Train loss: 0.0455; Time: 00:00:04
Fold 2 Epoch 064; Train loss: 0.0372; Time: 00:00:04
Fold 2 Epoch 065; Train loss: 0.0425; Time: 00:00:03
Fold 2 Epoch 066; Train loss: 0.0169; Time: 00:00:04
Fold 2 Epoch 067; Train loss: 0.0214; Time: 00:00:04
Fold 2 Epoch 068; Train loss: 0.0149; Time: 00:00:04
Fold 2 Epoch 069; Train loss: 0.0473; Time: 00:00:04
Fold 2 Epoch 070; Train loss: 0.0438; Time: 00:00:04
Fold 2: Evaluation at Epoch 70
HR@5       NDCG@5     HR@10      NDCG@10   
0.802980   0.761767   0.819536   0.767184  
Loss: 0.1946
Fold 2 Epoch 071; Train loss: 0.0394; Time: 00:00:04
Fold 2 Epoch 072; Train loss: 0.0304; Time: 00:00:04
Fold 2 Epoch 073; Train loss: 0.0399; Time: 00:00:04
Fold 2 Epoch 074; Train loss: 0.0568; Time: 00:00:04
Fold 2 Epoch 075; Train loss: 0.0707; Time: 00:00:04
Fold 2 Epoch 076; Train loss: 0.0404; Time: 00:00:03
Fold 2 Epoch 077; Train loss: 0.0276; Time: 00:00:04
Fold 2 Epoch 078; Train loss: 0.0439; Time: 00:00:04
Fold 2 Epoch 079; Train loss: 0.0323; Time: 00:00:04
Fold 2 Epoch 080; Train loss: 0.0192; Time: 00:00:04
Fold 2: Evaluation at Epoch 80
HR@5       NDCG@5     HR@10      NDCG@10   
0.804636   0.761813   0.817881   0.766038  
Loss: 0.1813
Fold 2 Epoch 081; Train loss: 0.0642; Time: 00:00:04
Fold 2 Epoch 082; Train loss: 0.0349; Time: 00:00:04
Fold 2 Epoch 083; Train loss: 0.0733; Time: 00:00:04
Fold 2 Epoch 084; Train loss: 0.0593; Time: 00:00:04
Fold 2 Epoch 085; Train loss: 0.0275; Time: 00:00:04
Fold 2 Epoch 086; Train loss: 0.0376; Time: 00:00:03
Fold 2 Epoch 087; Train loss: 0.0523; Time: 00:00:03
Fold 2 Epoch 088; Train loss: 0.0667; Time: 00:00:03
Fold 2 Epoch 089; Train loss: 0.0558; Time: 00:00:03
Fold 2 Epoch 090; Train loss: 0.0396; Time: 00:00:05
Fold 2: Evaluation at Epoch 90
HR@5       NDCG@5     HR@10      NDCG@10   
0.806291   0.763563   0.831126   0.771664  
Loss: 0.1897
Fold 2 Epoch 091; Train loss: 0.0650; Time: 00:00:04
Fold 2 Epoch 092; Train loss: 0.0351; Time: 00:00:05
Fold 2 Epoch 093; Train loss: 0.0351; Time: 00:00:03
Fold 2 Epoch 094; Train loss: 0.0304; Time: 00:00:04
Fold 2 Epoch 095; Train loss: 0.0191; Time: 00:00:04
Fold 2 Epoch 096; Train loss: 0.0115; Time: 00:00:03
Fold 2 Epoch 097; Train loss: 0.0317; Time: 00:00:04
Fold 2 Epoch 098; Train loss: 0.0287; Time: 00:00:03
Fold 2 Epoch 099; Train loss: 0.0144; Time: 00:00:04
Fold 2 Epoch 100; Train loss: 0.0341; Time: 00:00:04
Fold 2: Evaluation at Epoch 100
HR@5       NDCG@5     HR@10      NDCG@10   
0.832781   0.794864   0.842715   0.798186  
Loss: 0.1723
Fold 2: Final Test Phase
HR@5       NDCG@5     HR@10      NDCG@10   
0.824503   0.794035   0.837748   0.798267  
Loss: 0.1729
Fold 2: Final Test Loss: 0.1729, HR@5: 0.8245
Results for Fold 2
Fold 2 Metrics:
Epoch	TrainLoss	TestLoss	HR@5	NDCG@5	HR@10	NDCG@10
10	0.2508	0.3076	0.6076	0.5369	0.6556	0.5528
20	0.1053	0.2652	0.6871	0.6262	0.7202	0.6372
30	0.0869	0.2345	0.7682	0.7083	0.7914	0.7157
40	0.0485	0.2129	0.7781	0.7367	0.7980	0.7433
50	0.0459	0.1989	0.8030	0.7559	0.8212	0.7618
60	0.0509	0.1935	0.7930	0.7485	0.8079	0.7533
70	0.0438	0.1946	0.8030	0.7618	0.8195	0.7672
80	0.0192	0.1813	0.8046	0.7618	0.8179	0.7660
90	0.0396	0.1897	0.8063	0.7636	0.8311	0.7717
100	0.0341	0.1729	0.8245	0.7940	0.8377	0.7983


========== Fold 3 ==========
3883
Fold 3 Epoch 001; Train loss: 0.5827; Time: 00:00:04
Fold 3 Epoch 002; Train loss: 0.4225; Time: 00:00:04
Fold 3 Epoch 003; Train loss: 0.3965; Time: 00:00:04
Fold 3 Epoch 004; Train loss: 0.3325; Time: 00:00:04
Fold 3 Epoch 005; Train loss: 0.3000; Time: 00:00:04
Fold 3 Epoch 006; Train loss: 0.2238; Time: 00:00:03
Fold 3 Epoch 007; Train loss: 0.2166; Time: 00:00:03
Fold 3 Epoch 008; Train loss: 0.1894; Time: 00:00:03
Fold 3 Epoch 009; Train loss: 0.1485; Time: 00:00:04
Fold 3 Epoch 010; Train loss: 0.2180; Time: 00:00:03
Fold 3: Evaluation at Epoch 10
HR@5       NDCG@5     HR@10      NDCG@10   
0.596026   0.538643   0.634106   0.551175  
Loss: 0.3328
Fold 3 Epoch 011; Train loss: 0.1661; Time: 00:00:04
Fold 3 Epoch 012; Train loss: 0.1560; Time: 00:00:04
Fold 3 Epoch 013; Train loss: 0.2269; Time: 00:00:03
Fold 3 Epoch 014; Train loss: 0.1308; Time: 00:00:04
Fold 3 Epoch 015; Train loss: 0.1010; Time: 00:00:04
Fold 3 Epoch 016; Train loss: 0.1253; Time: 00:00:04
Fold 3 Epoch 017; Train loss: 0.1091; Time: 00:00:04
Fold 3 Epoch 018; Train loss: 0.1874; Time: 00:00:04
Fold 3 Epoch 019; Train loss: 0.0899; Time: 00:00:03
Fold 3 Epoch 020; Train loss: 0.1140; Time: 00:00:04
Fold 3: Evaluation at Epoch 20
HR@5       NDCG@5     HR@10      NDCG@10   
0.663907   0.604562   0.700331   0.616346  
Loss: 0.3072
Fold 3 Epoch 021; Train loss: 0.1135; Time: 00:00:04
Fold 3 Epoch 022; Train loss: 0.0871; Time: 00:00:04
Fold 3 Epoch 023; Train loss: 0.1099; Time: 00:00:04
Fold 3 Epoch 024; Train loss: 0.0844; Time: 00:00:03
Fold 3 Epoch 025; Train loss: 0.1041; Time: 00:00:04
Fold 3 Epoch 026; Train loss: 0.0458; Time: 00:00:03
Fold 3 Epoch 027; Train loss: 0.1315; Time: 00:00:05
Fold 3 Epoch 028; Train loss: 0.0708; Time: 00:00:04
Fold 3 Epoch 029; Train loss: 0.0944; Time: 00:00:04
Fold 3 Epoch 030; Train loss: 0.0715; Time: 00:00:03
Fold 3: Evaluation at Epoch 30
HR@5       NDCG@5     HR@10      NDCG@10   
0.721854   0.666910   0.746689   0.674968  
Loss: 0.2803
Fold 3 Epoch 031; Train loss: 0.1215; Time: 00:00:04
Fold 3 Epoch 032; Train loss: 0.0774; Time: 00:00:03
Fold 3 Epoch 033; Train loss: 0.0695; Time: 00:00:04
Fold 3 Epoch 034; Train loss: 0.0851; Time: 00:00:03
Fold 3 Epoch 035; Train loss: 0.0515; Time: 00:00:04
Fold 3 Epoch 036; Train loss: 0.0459; Time: 00:00:04
Fold 3 Epoch 037; Train loss: 0.0662; Time: 00:00:04
Fold 3 Epoch 038; Train loss: 0.0520; Time: 00:00:04
Fold 3 Epoch 039; Train loss: 0.0505; Time: 00:00:04
Fold 3 Epoch 040; Train loss: 0.0457; Time: 00:00:03
Fold 3: Evaluation at Epoch 40
HR@5       NDCG@5     HR@10      NDCG@10   
0.731788   0.686343   0.759934   0.695691  
Loss: 0.2591
Fold 3 Epoch 041; Train loss: 0.0736; Time: 00:00:03
Fold 3 Epoch 042; Train loss: 0.1080; Time: 00:00:03
Fold 3 Epoch 043; Train loss: 0.0425; Time: 00:00:04
Fold 3 Epoch 044; Train loss: 0.0804; Time: 00:00:04
Fold 3 Epoch 045; Train loss: 0.0797; Time: 00:00:04
Fold 3 Epoch 046; Train loss: 0.0733; Time: 00:00:04
Fold 3 Epoch 047; Train loss: 0.0645; Time: 00:00:04
Fold 3 Epoch 048; Train loss: 0.0509; Time: 00:00:04
Fold 3 Epoch 049; Train loss: 0.0650; Time: 00:00:04
Fold 3 Epoch 050; Train loss: 0.0736; Time: 00:00:04
Fold 3: Evaluation at Epoch 50
HR@5       NDCG@5     HR@10      NDCG@10   
0.753311   0.707308   0.779801   0.716120  
Loss: 0.2436
Fold 3 Epoch 051; Train loss: 0.0721; Time: 00:00:04
Fold 3 Epoch 052; Train loss: 0.0311; Time: 00:00:04
Fold 3 Epoch 053; Train loss: 0.0344; Time: 00:00:04
Fold 3 Epoch 054; Train loss: 0.0413; Time: 00:00:04
Fold 3 Epoch 055; Train loss: 0.0643; Time: 00:00:04
Fold 3 Epoch 056; Train loss: 0.0416; Time: 00:00:04
Fold 3 Epoch 057; Train loss: 0.0546; Time: 00:00:04
Fold 3 Epoch 058; Train loss: 0.0469; Time: 00:00:04
Fold 3 Epoch 059; Train loss: 0.0640; Time: 00:00:04
Fold 3 Epoch 060; Train loss: 0.0254; Time: 00:00:05
Fold 3: Evaluation at Epoch 60
HR@5       NDCG@5     HR@10      NDCG@10   
0.769868   0.734087   0.802980   0.744689  
Loss: 0.2225
Fold 3 Epoch 061; Train loss: 0.0695; Time: 00:00:04
Fold 3 Epoch 062; Train loss: 0.0248; Time: 00:00:04
Fold 3 Epoch 063; Train loss: 0.0210; Time: 00:00:04
Fold 3 Epoch 064; Train loss: 0.0466; Time: 00:00:04
Fold 3 Epoch 065; Train loss: 0.0573; Time: 00:00:04
Fold 3 Epoch 066; Train loss: 0.0350; Time: 00:00:05
Fold 3 Epoch 067; Train loss: 0.0537; Time: 00:00:04
Fold 3 Epoch 068; Train loss: 0.0336; Time: 00:00:04
Fold 3 Epoch 069; Train loss: 0.0357; Time: 00:00:05
Fold 3 Epoch 070; Train loss: 0.0448; Time: 00:00:04
Fold 3: Evaluation at Epoch 70
HR@5       NDCG@5     HR@10      NDCG@10   
0.779801   0.733590   0.802980   0.741255  
Loss: 0.2188
Fold 3 Epoch 071; Train loss: 0.0224; Time: 00:00:04
Fold 3 Epoch 072; Train loss: 0.0472; Time: 00:00:04
Fold 3 Epoch 073; Train loss: 0.0202; Time: 00:00:05
Fold 3 Epoch 074; Train loss: 0.0407; Time: 00:00:04
Fold 3 Epoch 075; Train loss: 0.0497; Time: 00:00:03
Fold 3 Epoch 076; Train loss: 0.0489; Time: 00:00:04
Fold 3 Epoch 077; Train loss: 0.0213; Time: 00:00:04
Fold 3 Epoch 078; Train loss: 0.0304; Time: 00:00:04
Fold 3 Epoch 079; Train loss: 0.0432; Time: 00:00:04
Fold 3 Epoch 080; Train loss: 0.0229; Time: 00:00:03
Fold 3: Evaluation at Epoch 80
HR@5       NDCG@5     HR@10      NDCG@10   
0.796358   0.763315   0.807947   0.767036  
Loss: 0.2080
Fold 3 Epoch 081; Train loss: 0.0418; Time: 00:00:03
Fold 3 Epoch 082; Train loss: 0.0455; Time: 00:00:04
Fold 3 Epoch 083; Train loss: 0.0180; Time: 00:00:04
Fold 3 Epoch 084; Train loss: 0.0425; Time: 00:00:05
Fold 3 Epoch 085; Train loss: 0.0410; Time: 00:00:04
Fold 3 Epoch 086; Train loss: 0.0540; Time: 00:00:04
Fold 3 Epoch 087; Train loss: 0.0181; Time: 00:00:04
Fold 3 Epoch 088; Train loss: 0.0480; Time: 00:00:04
Fold 3 Epoch 089; Train loss: 0.0284; Time: 00:00:04
Fold 3 Epoch 090; Train loss: 0.0396; Time: 00:00:03
Fold 3: Evaluation at Epoch 90
HR@5       NDCG@5     HR@10      NDCG@10   
0.784768   0.753735   0.807947   0.761379  
Loss: 0.2112
Fold 3 Epoch 091; Train loss: 0.0242; Time: 00:00:04
Fold 3 Epoch 092; Train loss: 0.0277; Time: 00:00:04
Fold 3 Epoch 093; Train loss: 0.0505; Time: 00:00:04
Fold 3 Epoch 094; Train loss: 0.0380; Time: 00:00:04
Fold 3 Epoch 095; Train loss: 0.0331; Time: 00:00:04
Fold 3 Epoch 096; Train loss: 0.0319; Time: 00:00:04
Fold 3 Epoch 097; Train loss: 0.0443; Time: 00:00:03
Fold 3 Epoch 098; Train loss: 0.0576; Time: 00:00:04
Fold 3 Epoch 099; Train loss: 0.0235; Time: 00:00:04
Fold 3 Epoch 100; Train loss: 0.0250; Time: 00:00:04
Fold 3: Evaluation at Epoch 100
HR@5       NDCG@5     HR@10      NDCG@10   
0.798013   0.764542   0.809603   0.768316  
Loss: 0.2089
Fold 3: Final Test Phase
HR@5       NDCG@5     HR@10      NDCG@10   
0.802980   0.774056   0.814570   0.777866  
Loss: 0.1964
Fold 3: Final Test Loss: 0.1964, HR@5: 0.8030
Results for Fold 3
Fold 3 Metrics:
Epoch	TrainLoss	TestLoss	HR@5	NDCG@5	HR@10	NDCG@10
10	0.2180	0.3328	0.5960	0.5386	0.6341	0.5512
20	0.1140	0.3072	0.6639	0.6046	0.7003	0.6163
30	0.0715	0.2803	0.7219	0.6669	0.7467	0.6750
40	0.0457	0.2591	0.7318	0.6863	0.7599	0.6957
50	0.0736	0.2436	0.7533	0.7073	0.7798	0.7161
60	0.0254	0.2225	0.7699	0.7341	0.8030	0.7447
70	0.0448	0.2188	0.7798	0.7336	0.8030	0.7413
80	0.0229	0.2080	0.7964	0.7633	0.8079	0.7670
90	0.0396	0.2112	0.7848	0.7537	0.8079	0.7614
100	0.0250	0.1964	0.8030	0.7741	0.8146	0.7779


========== Fold 4 ==========
3883
Fold 4 Epoch 001; Train loss: 0.5646; Time: 00:00:04
Fold 4 Epoch 002; Train loss: 0.4265; Time: 00:00:04
Fold 4 Epoch 003; Train loss: 0.4286; Time: 00:00:03
Fold 4 Epoch 004; Train loss: 0.3832; Time: 00:00:03
Fold 4 Epoch 005; Train loss: 0.2429; Time: 00:00:05
Fold 4 Epoch 006; Train loss: 0.1927; Time: 00:00:05
Fold 4 Epoch 007; Train loss: 0.1996; Time: 00:00:04
Fold 4 Epoch 008; Train loss: 0.1588; Time: 00:00:05
Fold 4 Epoch 009; Train loss: 0.2212; Time: 00:00:05
Fold 4 Epoch 010; Train loss: 0.1399; Time: 00:00:04
Fold 4: Evaluation at Epoch 10
HR@5       NDCG@5     HR@10      NDCG@10   
0.581126   0.505743   0.632450   0.522186  
Loss: 0.3165
Fold 4 Epoch 011; Train loss: 0.2300; Time: 00:00:04
Fold 4 Epoch 012; Train loss: 0.1741; Time: 00:00:04
Fold 4 Epoch 013; Train loss: 0.1615; Time: 00:00:03
Fold 4 Epoch 014; Train loss: 0.1535; Time: 00:00:03
Fold 4 Epoch 015; Train loss: 0.0966; Time: 00:00:04
Fold 4 Epoch 016; Train loss: 0.1405; Time: 00:00:04
Fold 4 Epoch 017; Train loss: 0.1418; Time: 00:00:03
Fold 4 Epoch 018; Train loss: 0.0639; Time: 00:00:03
Fold 4 Epoch 019; Train loss: 0.0579; Time: 00:00:04
Fold 4 Epoch 020; Train loss: 0.1028; Time: 00:00:04
Fold 4: Evaluation at Epoch 20
HR@5       NDCG@5     HR@10      NDCG@10   
0.697020   0.637157   0.736755   0.650067  
Loss: 0.2730
Fold 4 Epoch 021; Train loss: 0.0916; Time: 00:00:04
Fold 4 Epoch 022; Train loss: 0.1007; Time: 00:00:04
Fold 4 Epoch 023; Train loss: 0.0778; Time: 00:00:04
Fold 4 Epoch 024; Train loss: 0.0928; Time: 00:00:04
Fold 4 Epoch 025; Train loss: 0.0941; Time: 00:00:03
Fold 4 Epoch 026; Train loss: 0.1167; Time: 00:00:04
Fold 4 Epoch 027; Train loss: 0.0745; Time: 00:00:05
Fold 4 Epoch 028; Train loss: 0.0911; Time: 00:00:04
Fold 4 Epoch 029; Train loss: 0.0826; Time: 00:00:04
Fold 4 Epoch 030; Train loss: 0.0585; Time: 00:00:03
Fold 4: Evaluation at Epoch 30
HR@5       NDCG@5     HR@10      NDCG@10   
0.728477   0.669665   0.768212   0.682895  
Loss: 0.2436
Fold 4 Epoch 031; Train loss: 0.0996; Time: 00:00:04
Fold 4 Epoch 032; Train loss: 0.1017; Time: 00:00:04
Fold 4 Epoch 033; Train loss: 0.0888; Time: 00:00:04
Fold 4 Epoch 034; Train loss: 0.0606; Time: 00:00:04
Fold 4 Epoch 035; Train loss: 0.0785; Time: 00:00:04
Fold 4 Epoch 036; Train loss: 0.0790; Time: 00:00:04
Fold 4 Epoch 037; Train loss: 0.0671; Time: 00:00:04
Fold 4 Epoch 038; Train loss: 0.0662; Time: 00:00:05
Fold 4 Epoch 039; Train loss: 0.0859; Time: 00:00:04
Fold 4 Epoch 040; Train loss: 0.0465; Time: 00:00:04
Fold 4: Evaluation at Epoch 40
HR@5       NDCG@5     HR@10      NDCG@10   
0.763245   0.709326   0.791391   0.718443  
Loss: 0.2297
Fold 4 Epoch 041; Train loss: 0.0482; Time: 00:00:05
Fold 4 Epoch 042; Train loss: 0.0162; Time: 00:00:04
Fold 4 Epoch 043; Train loss: 0.0458; Time: 00:00:04
Fold 4 Epoch 044; Train loss: 0.0391; Time: 00:00:03
Fold 4 Epoch 045; Train loss: 0.0821; Time: 00:00:03
Fold 4 Epoch 046; Train loss: 0.0581; Time: 00:00:03
Fold 4 Epoch 047; Train loss: 0.0493; Time: 00:00:03
Fold 4 Epoch 048; Train loss: 0.0527; Time: 00:00:04
Fold 4 Epoch 049; Train loss: 0.0392; Time: 00:00:04
Fold 4 Epoch 050; Train loss: 0.0366; Time: 00:00:04
Fold 4: Evaluation at Epoch 50
HR@5       NDCG@5     HR@10      NDCG@10   
0.778146   0.730509   0.806291   0.739689  
Loss: 0.2070
Fold 4 Epoch 051; Train loss: 0.0452; Time: 00:00:03
Fold 4 Epoch 052; Train loss: 0.0574; Time: 00:00:04
Fold 4 Epoch 053; Train loss: 0.0436; Time: 00:00:03
Fold 4 Epoch 054; Train loss: 0.0532; Time: 00:00:04
Fold 4 Epoch 055; Train loss: 0.0540; Time: 00:00:04
Fold 4 Epoch 056; Train loss: 0.0409; Time: 00:00:04
Fold 4 Epoch 057; Train loss: 0.0492; Time: 00:00:04
Fold 4 Epoch 058; Train loss: 0.0242; Time: 00:00:04
Fold 4 Epoch 059; Train loss: 0.0705; Time: 00:00:03
Fold 4 Epoch 060; Train loss: 0.0329; Time: 00:00:03
Fold 4: Evaluation at Epoch 60
HR@5       NDCG@5     HR@10      NDCG@10   
0.796358   0.753696   0.814570   0.759512  
Loss: 0.1974
Fold 4 Epoch 061; Train loss: 0.0304; Time: 00:00:03
Fold 4 Epoch 062; Train loss: 0.0404; Time: 00:00:04
Fold 4 Epoch 063; Train loss: 0.0201; Time: 00:00:03
Fold 4 Epoch 064; Train loss: 0.0357; Time: 00:00:03
Fold 4 Epoch 065; Train loss: 0.0277; Time: 00:00:04
Fold 4 Epoch 066; Train loss: 0.0335; Time: 00:00:04
Fold 4 Epoch 067; Train loss: 0.0322; Time: 00:00:04
Fold 4 Epoch 068; Train loss: 0.0504; Time: 00:00:04
Fold 4 Epoch 069; Train loss: 0.0271; Time: 00:00:04
Fold 4 Epoch 070; Train loss: 0.0473; Time: 00:00:04
Fold 4: Evaluation at Epoch 70
HR@5       NDCG@5     HR@10      NDCG@10   
0.789735   0.749693   0.811258   0.756687  
Loss: 0.1957
Fold 4 Epoch 071; Train loss: 0.0383; Time: 00:00:04
Fold 4 Epoch 072; Train loss: 0.0586; Time: 00:00:04
Fold 4 Epoch 073; Train loss: 0.0623; Time: 00:00:04
Fold 4 Epoch 074; Train loss: 0.0460; Time: 00:00:03
Fold 4 Epoch 075; Train loss: 0.0454; Time: 00:00:04
Fold 4 Epoch 076; Train loss: 0.0259; Time: 00:00:04
Fold 4 Epoch 077; Train loss: 0.0425; Time: 00:00:04
Fold 4 Epoch 078; Train loss: 0.0531; Time: 00:00:03
Fold 4 Epoch 079; Train loss: 0.0495; Time: 00:00:04
Fold 4 Epoch 080; Train loss: 0.0031; Time: 00:00:03
Fold 4: Evaluation at Epoch 80
HR@5       NDCG@5     HR@10      NDCG@10   
0.779801   0.730142   0.801325   0.737263  
Loss: 0.1981
Fold 4 Epoch 081; Train loss: 0.0419; Time: 00:00:04
Fold 4 Epoch 082; Train loss: 0.0402; Time: 00:00:03
Fold 4 Epoch 083; Train loss: 0.0387; Time: 00:00:04
Fold 4 Epoch 084; Train loss: 0.0216; Time: 00:00:03
Fold 4 Epoch 085; Train loss: 0.0214; Time: 00:00:04
Fold 4 Epoch 086; Train loss: 0.0568; Time: 00:00:04
Fold 4 Epoch 087; Train loss: 0.0700; Time: 00:00:04
Fold 4 Epoch 088; Train loss: 0.0220; Time: 00:00:04
Fold 4 Epoch 089; Train loss: 0.0534; Time: 00:00:04
Fold 4 Epoch 090; Train loss: 0.0196; Time: 00:00:04
Fold 4: Evaluation at Epoch 90
HR@5       NDCG@5     HR@10      NDCG@10   
0.817881   0.777764   0.831126   0.782137  
Loss: 0.1824
Fold 4 Epoch 091; Train loss: 0.0219; Time: 00:00:04
Fold 4 Epoch 092; Train loss: 0.0333; Time: 00:00:04
Fold 4 Epoch 093; Train loss: 0.0717; Time: 00:00:04
Fold 4 Epoch 094; Train loss: 0.0112; Time: 00:00:04
Fold 4 Epoch 095; Train loss: 0.0361; Time: 00:00:04
Fold 4 Epoch 096; Train loss: 0.0342; Time: 00:00:04
Fold 4 Epoch 097; Train loss: 0.0385; Time: 00:00:04
Fold 4 Epoch 098; Train loss: 0.0375; Time: 00:00:05
Fold 4 Epoch 099; Train loss: 0.0472; Time: 00:00:04
Fold 4 Epoch 100; Train loss: 0.0348; Time: 00:00:05
Fold 4: Evaluation at Epoch 100
HR@5       NDCG@5     HR@10      NDCG@10   
0.794702   0.751583   0.821192   0.760310  
Loss: 0.1836
Fold 4: Final Test Phase
HR@5       NDCG@5     HR@10      NDCG@10   
0.809603   0.767229   0.827815   0.773107  
Loss: 0.1855
Fold 4: Final Test Loss: 0.1855, HR@5: 0.8096
Results for Fold 4
Fold 4 Metrics:
Epoch	TrainLoss	TestLoss	HR@5	NDCG@5	HR@10	NDCG@10
10	0.1399	0.3165	0.5811	0.5057	0.6325	0.5222
20	0.1028	0.2730	0.6970	0.6372	0.7368	0.6501
30	0.0585	0.2436	0.7285	0.6697	0.7682	0.6829
40	0.0465	0.2297	0.7632	0.7093	0.7914	0.7184
50	0.0366	0.2070	0.7781	0.7305	0.8063	0.7397
60	0.0329	0.1974	0.7964	0.7537	0.8146	0.7595
70	0.0473	0.1957	0.7897	0.7497	0.8113	0.7567
80	0.0031	0.1981	0.7798	0.7301	0.8013	0.7373
90	0.0196	0.1824	0.8179	0.7778	0.8311	0.7821
100	0.0348	0.1855	0.8096	0.7672	0.8278	0.7731


========== Fold 5 ==========
3883
Fold 5 Epoch 001; Train loss: 0.5149; Time: 00:00:04
Fold 5 Epoch 002; Train loss: 0.4123; Time: 00:00:04
Fold 5 Epoch 003; Train loss: 0.4250; Time: 00:00:04
Fold 5 Epoch 004; Train loss: 0.2645; Time: 00:00:04
Fold 5 Epoch 005; Train loss: 0.3113; Time: 00:00:03
Fold 5 Epoch 006; Train loss: 0.2416; Time: 00:00:04
Fold 5 Epoch 007; Train loss: 0.2905; Time: 00:00:04
Fold 5 Epoch 008; Train loss: 0.2472; Time: 00:00:04
Fold 5 Epoch 009; Train loss: 0.2212; Time: 00:00:05
Fold 5 Epoch 010; Train loss: 0.1653; Time: 00:00:04
Fold 5: Evaluation at Epoch 10
HR@5       NDCG@5     HR@10      NDCG@10   
0.584437   0.513352   0.630795   0.527954  
Loss: 0.3341
Fold 5 Epoch 011; Train loss: 0.2266; Time: 00:00:04
Fold 5 Epoch 012; Train loss: 0.1690; Time: 00:00:04
Fold 5 Epoch 013; Train loss: 0.1402; Time: 00:00:04
Fold 5 Epoch 014; Train loss: 0.1083; Time: 00:00:03
Fold 5 Epoch 015; Train loss: 0.1269; Time: 00:00:04
Fold 5 Epoch 016; Train loss: 0.1583; Time: 00:00:03
Fold 5 Epoch 017; Train loss: 0.1357; Time: 00:00:04
Fold 5 Epoch 018; Train loss: 0.1111; Time: 00:00:04
Fold 5 Epoch 019; Train loss: 0.1206; Time: 00:00:04
Fold 5 Epoch 020; Train loss: 0.1153; Time: 00:00:04
Fold 5: Evaluation at Epoch 20
HR@5       NDCG@5     HR@10      NDCG@10   
0.701987   0.638521   0.735099   0.649360  
Loss: 0.2688
Fold 5 Epoch 021; Train loss: 0.1023; Time: 00:00:03
Fold 5 Epoch 022; Train loss: 0.0825; Time: 00:00:03
Fold 5 Epoch 023; Train loss: 0.0671; Time: 00:00:04
Fold 5 Epoch 024; Train loss: 0.0531; Time: 00:00:04
Fold 5 Epoch 025; Train loss: 0.1669; Time: 00:00:04
Fold 5 Epoch 026; Train loss: 0.0914; Time: 00:00:04
Fold 5 Epoch 027; Train loss: 0.0960; Time: 00:00:04
Fold 5 Epoch 028; Train loss: 0.1265; Time: 00:00:04
Fold 5 Epoch 029; Train loss: 0.0680; Time: 00:00:03
Fold 5 Epoch 030; Train loss: 0.0810; Time: 00:00:03
Fold 5: Evaluation at Epoch 30
HR@5       NDCG@5     HR@10      NDCG@10   
0.735099   0.679668   0.763245   0.689056  
Loss: 0.2387
Fold 5 Epoch 031; Train loss: 0.1064; Time: 00:00:04
Fold 5 Epoch 032; Train loss: 0.0906; Time: 00:00:04
Fold 5 Epoch 033; Train loss: 0.0726; Time: 00:00:03
Fold 5 Epoch 034; Train loss: 0.0520; Time: 00:00:04
Fold 5 Epoch 035; Train loss: 0.0765; Time: 00:00:04
Fold 5 Epoch 036; Train loss: 0.0718; Time: 00:00:05
Fold 5 Epoch 037; Train loss: 0.0375; Time: 00:00:04
Fold 5 Epoch 038; Train loss: 0.0636; Time: 00:00:04
Fold 5 Epoch 039; Train loss: 0.1026; Time: 00:00:04
Fold 5 Epoch 040; Train loss: 0.0590; Time: 00:00:04
Fold 5: Evaluation at Epoch 40
HR@5       NDCG@5     HR@10      NDCG@10   
0.753311   0.707003   0.801325   0.722763  
Loss: 0.2089
Fold 5 Epoch 041; Train loss: 0.0680; Time: 00:00:04
Fold 5 Epoch 042; Train loss: 0.0518; Time: 00:00:04
Fold 5 Epoch 043; Train loss: 0.0701; Time: 00:00:04
Fold 5 Epoch 044; Train loss: 0.0601; Time: 00:00:04
Fold 5 Epoch 045; Train loss: 0.0555; Time: 00:00:05
Fold 5 Epoch 046; Train loss: 0.0236; Time: 00:00:04
Fold 5 Epoch 047; Train loss: 0.0825; Time: 00:00:04
Fold 5 Epoch 048; Train loss: 0.0284; Time: 00:00:04
Fold 5 Epoch 049; Train loss: 0.0225; Time: 00:00:04
Fold 5 Epoch 050; Train loss: 0.0598; Time: 00:00:04
Fold 5: Evaluation at Epoch 50
HR@5       NDCG@5     HR@10      NDCG@10   
0.776490   0.731838   0.799669   0.739565  
Loss: 0.2077
Fold 5 Epoch 051; Train loss: 0.0450; Time: 00:00:04
Fold 5 Epoch 052; Train loss: 0.0466; Time: 00:00:05
Fold 5 Epoch 053; Train loss: 0.0376; Time: 00:00:04
Fold 5 Epoch 054; Train loss: 0.0621; Time: 00:00:03
Fold 5 Epoch 055; Train loss: 0.0434; Time: 00:00:04
Fold 5 Epoch 056; Train loss: 0.0459; Time: 00:00:05
Fold 5 Epoch 057; Train loss: 0.0461; Time: 00:00:04
Fold 5 Epoch 058; Train loss: 0.0463; Time: 00:00:05
Fold 5 Epoch 059; Train loss: 0.0675; Time: 00:00:04
Fold 5 Epoch 060; Train loss: 0.0455; Time: 00:00:04
Fold 5: Evaluation at Epoch 60
HR@5       NDCG@5     HR@10      NDCG@10   
0.791391   0.755190   0.821192   0.765143  
Loss: 0.1977
Fold 5 Epoch 061; Train loss: 0.0273; Time: 00:00:03
Fold 5 Epoch 062; Train loss: 0.0387; Time: 00:00:04
Fold 5 Epoch 063; Train loss: 0.0439; Time: 00:00:04
Fold 5 Epoch 064; Train loss: 0.0951; Time: 00:00:04
Fold 5 Epoch 065; Train loss: 0.0373; Time: 00:00:04
Fold 5 Epoch 066; Train loss: 0.0393; Time: 00:00:04
Fold 5 Epoch 067; Train loss: 0.0660; Time: 00:00:04
Fold 5 Epoch 068; Train loss: 0.0273; Time: 00:00:04
Fold 5 Epoch 069; Train loss: 0.0298; Time: 00:00:03
Fold 5 Epoch 070; Train loss: 0.0442; Time: 00:00:05
Fold 5: Evaluation at Epoch 70
HR@5       NDCG@5     HR@10      NDCG@10   
0.781457   0.740785   0.801325   0.746790  
Loss: 0.2080
Fold 5 Epoch 071; Train loss: 0.0224; Time: 00:00:03
Fold 5 Epoch 072; Train loss: 0.0634; Time: 00:00:04
Fold 5 Epoch 073; Train loss: 0.0474; Time: 00:00:04
Fold 5 Epoch 074; Train loss: 0.0624; Time: 00:00:04
Fold 5 Epoch 075; Train loss: 0.0603; Time: 00:00:04
Fold 5 Epoch 076; Train loss: 0.0513; Time: 00:00:04
Fold 5 Epoch 077; Train loss: 0.0582; Time: 00:00:04
Fold 5 Epoch 078; Train loss: 0.0487; Time: 00:00:04
Fold 5 Epoch 079; Train loss: 0.0235; Time: 00:00:05
Fold 5 Epoch 080; Train loss: 0.0392; Time: 00:00:05
Fold 5: Evaluation at Epoch 80
HR@5       NDCG@5     HR@10      NDCG@10   
0.791391   0.742939   0.819536   0.752159  
Loss: 0.2008
Fold 5 Epoch 081; Train loss: 0.0149; Time: 00:00:03
Fold 5 Epoch 082; Train loss: 0.0162; Time: 00:00:04
Fold 5 Epoch 083; Train loss: 0.0368; Time: 00:00:04
Fold 5 Epoch 084; Train loss: 0.0572; Time: 00:00:04
Fold 5 Epoch 085; Train loss: 0.0121; Time: 00:00:03
Fold 5 Epoch 086; Train loss: 0.0353; Time: 00:00:03
Fold 5 Epoch 087; Train loss: 0.0204; Time: 00:00:04
Fold 5 Epoch 088; Train loss: 0.0738; Time: 00:00:04
Fold 5 Epoch 089; Train loss: 0.0652; Time: 00:00:04
Fold 5 Epoch 090; Train loss: 0.1018; Time: 00:00:04
Fold 5: Evaluation at Epoch 90
HR@5       NDCG@5     HR@10      NDCG@10   
0.786424   0.716360   0.811258   0.724463  
Loss: 0.2119
Fold 5 Epoch 091; Train loss: 0.0375; Time: 00:00:04
Fold 5 Epoch 092; Train loss: 0.0415; Time: 00:00:04
Fold 5 Epoch 093; Train loss: 0.0219; Time: 00:00:04
Fold 5 Epoch 094; Train loss: 0.0295; Time: 00:00:04
Fold 5 Epoch 095; Train loss: 0.0184; Time: 00:00:03
Fold 5 Epoch 096; Train loss: 0.0144; Time: 00:00:04
Fold 5 Epoch 097; Train loss: 0.0444; Time: 00:00:04
Fold 5 Epoch 098; Train loss: 0.0229; Time: 00:00:04
Fold 5 Epoch 099; Train loss: 0.0145; Time: 00:00:04
Fold 5 Epoch 100; Train loss: 0.0275; Time: 00:00:04
Fold 5: Evaluation at Epoch 100
HR@5       NDCG@5     HR@10      NDCG@10   
0.831126   0.793690   0.842715   0.797453  
Loss: 0.1628
Fold 5: Final Test Phase
HR@5       NDCG@5     HR@10      NDCG@10   
0.816225   0.787711   0.831126   0.792631  
Loss: 0.1681
Fold 5: Final Test Loss: 0.1681, HR@5: 0.8162
Results for Fold 5
Fold 5 Metrics:
Epoch	TrainLoss	TestLoss	HR@5	NDCG@5	HR@10	NDCG@10
10	0.1653	0.3341	0.5844	0.5134	0.6308	0.5280
20	0.1153	0.2688	0.7020	0.6385	0.7351	0.6494
30	0.0810	0.2387	0.7351	0.6797	0.7632	0.6891
40	0.0590	0.2089	0.7533	0.7070	0.8013	0.7228
50	0.0598	0.2077	0.7765	0.7318	0.7997	0.7396
60	0.0455	0.1977	0.7914	0.7552	0.8212	0.7651
70	0.0442	0.2080	0.7815	0.7408	0.8013	0.7468
80	0.0392	0.2008	0.7914	0.7429	0.8195	0.7522
90	0.1018	0.2119	0.7864	0.7164	0.8113	0.7245
100	0.0275	0.1681	0.8162	0.7877	0.8311	0.7926


========== Fold 6 ==========
3883
Fold 6 Epoch 001; Train loss: 0.5978; Time: 00:00:04
Fold 6 Epoch 002; Train loss: 0.4780; Time: 00:00:04
Fold 6 Epoch 003; Train loss: 0.3515; Time: 00:00:03
Fold 6 Epoch 004; Train loss: 0.2384; Time: 00:00:04
Fold 6 Epoch 005; Train loss: 0.2425; Time: 00:00:04
Fold 6 Epoch 006; Train loss: 0.2246; Time: 00:00:05
Fold 6 Epoch 007; Train loss: 0.2249; Time: 00:00:04
Fold 6 Epoch 008; Train loss: 0.2271; Time: 00:00:04
Fold 6 Epoch 009; Train loss: 0.1784; Time: 00:00:04
Fold 6 Epoch 010; Train loss: 0.1632; Time: 00:00:03
Fold 6: Evaluation at Epoch 10
HR@5       NDCG@5     HR@10      NDCG@10   
0.592715   0.525325   0.625828   0.536462  
Loss: 0.2892
Fold 6 Epoch 011; Train loss: 0.1698; Time: 00:00:04
Fold 6 Epoch 012; Train loss: 0.1449; Time: 00:00:04
Fold 6 Epoch 013; Train loss: 0.1316; Time: 00:00:05
Fold 6 Epoch 014; Train loss: 0.1679; Time: 00:00:04
Fold 6 Epoch 015; Train loss: 0.1846; Time: 00:00:04
Fold 6 Epoch 016; Train loss: 0.1824; Time: 00:00:04
Fold 6 Epoch 017; Train loss: 0.1890; Time: 00:00:03
Fold 6 Epoch 018; Train loss: 0.1595; Time: 00:00:03
Fold 6 Epoch 019; Train loss: 0.1259; Time: 00:00:04
Fold 6 Epoch 020; Train loss: 0.1013; Time: 00:00:04
Fold 6: Evaluation at Epoch 20
HR@5       NDCG@5     HR@10      NDCG@10   
0.687086   0.627628   0.720199   0.638615  
Loss: 0.2540
Fold 6 Epoch 021; Train loss: 0.1102; Time: 00:00:03
Fold 6 Epoch 022; Train loss: 0.1205; Time: 00:00:04
Fold 6 Epoch 023; Train loss: 0.1196; Time: 00:00:04
Fold 6 Epoch 024; Train loss: 0.0686; Time: 00:00:04
Fold 6 Epoch 025; Train loss: 0.0776; Time: 00:00:04
Fold 6 Epoch 026; Train loss: 0.0639; Time: 00:00:04
Fold 6 Epoch 027; Train loss: 0.1282; Time: 00:00:04
Fold 6 Epoch 028; Train loss: 0.1085; Time: 00:00:04
Fold 6 Epoch 029; Train loss: 0.1052; Time: 00:00:04
Fold 6 Epoch 030; Train loss: 0.0737; Time: 00:00:04
Fold 6: Evaluation at Epoch 30
HR@5       NDCG@5     HR@10      NDCG@10   
0.766556   0.726460   0.804636   0.738840  
Loss: 0.2121
Fold 6 Epoch 031; Train loss: 0.0935; Time: 00:00:04
Fold 6 Epoch 032; Train loss: 0.0914; Time: 00:00:05
Fold 6 Epoch 033; Train loss: 0.0886; Time: 00:00:04
Fold 6 Epoch 034; Train loss: 0.0586; Time: 00:00:04
Fold 6 Epoch 035; Train loss: 0.0690; Time: 00:00:04
Fold 6 Epoch 036; Train loss: 0.1248; Time: 00:00:04
Fold 6 Epoch 037; Train loss: 0.0746; Time: 00:00:03
Fold 6 Epoch 038; Train loss: 0.0418; Time: 00:00:04
Fold 6 Epoch 039; Train loss: 0.0464; Time: 00:00:04
Fold 6 Epoch 040; Train loss: 0.0893; Time: 00:00:04
Fold 6: Evaluation at Epoch 40
HR@5       NDCG@5     HR@10      NDCG@10   
0.751656   0.709939   0.793046   0.723096  
Loss: 0.2133
Fold 6 Epoch 041; Train loss: 0.0606; Time: 00:00:04
Fold 6 Epoch 042; Train loss: 0.0484; Time: 00:00:04
Fold 6 Epoch 043; Train loss: 0.0550; Time: 00:00:04
Fold 6 Epoch 044; Train loss: 0.0727; Time: 00:00:03
Fold 6 Epoch 045; Train loss: 0.0671; Time: 00:00:04
Fold 6 Epoch 046; Train loss: 0.0963; Time: 00:00:04
Fold 6 Epoch 047; Train loss: 0.0797; Time: 00:00:03
Fold 6 Epoch 048; Train loss: 0.0450; Time: 00:00:03
Fold 6 Epoch 049; Train loss: 0.0352; Time: 00:00:03
Fold 6 Epoch 050; Train loss: 0.0752; Time: 00:00:03
Fold 6: Evaluation at Epoch 50
HR@5       NDCG@5     HR@10      NDCG@10   
0.764901   0.695233   0.793046   0.704615  
Loss: 0.2091
Fold 6 Epoch 051; Train loss: 0.0618; Time: 00:00:03
Fold 6 Epoch 052; Train loss: 0.0429; Time: 00:00:04
Fold 6 Epoch 053; Train loss: 0.0673; Time: 00:00:03
Fold 6 Epoch 054; Train loss: 0.0427; Time: 00:00:04
Fold 6 Epoch 055; Train loss: 0.0643; Time: 00:00:04
Fold 6 Epoch 056; Train loss: 0.0417; Time: 00:00:03
Fold 6 Epoch 057; Train loss: 0.0523; Time: 00:00:04
Fold 6 Epoch 058; Train loss: 0.0329; Time: 00:00:04
Fold 6 Epoch 059; Train loss: 0.0486; Time: 00:00:04
Fold 6 Epoch 060; Train loss: 0.0418; Time: 00:00:05
Fold 6: Evaluation at Epoch 60
HR@5       NDCG@5     HR@10      NDCG@10   
0.799669   0.752293   0.824503   0.760443  
Loss: 0.1863
Fold 6 Epoch 061; Train loss: 0.0356; Time: 00:00:04
Fold 6 Epoch 062; Train loss: 0.0336; Time: 00:00:04
Fold 6 Epoch 063; Train loss: 0.0199; Time: 00:00:04
Fold 6 Epoch 064; Train loss: 0.0411; Time: 00:00:04
Fold 6 Epoch 065; Train loss: 0.0614; Time: 00:00:04
Fold 6 Epoch 066; Train loss: 0.0412; Time: 00:00:04
Fold 6 Epoch 067; Train loss: 0.0472; Time: 00:00:04
Fold 6 Epoch 068; Train loss: 0.0313; Time: 00:00:04
Fold 6 Epoch 069; Train loss: 0.0548; Time: 00:00:04
Fold 6 Epoch 070; Train loss: 0.0590; Time: 00:00:03
Fold 6: Evaluation at Epoch 70
HR@5       NDCG@5     HR@10      NDCG@10   
0.791391   0.741223   0.826159   0.752779  
Loss: 0.1732
Fold 6 Epoch 071; Train loss: 0.0434; Time: 00:00:03
Fold 6 Epoch 072; Train loss: 0.0460; Time: 00:00:04
Fold 6 Epoch 073; Train loss: 0.0812; Time: 00:00:04
Fold 6 Epoch 074; Train loss: 0.0555; Time: 00:00:04
Fold 6 Epoch 075; Train loss: 0.0335; Time: 00:00:04
Fold 6 Epoch 076; Train loss: 0.0245; Time: 00:00:04
Fold 6 Epoch 077; Train loss: 0.0524; Time: 00:00:04
Fold 6 Epoch 078; Train loss: 0.0532; Time: 00:00:04
Fold 6 Epoch 079; Train loss: 0.0201; Time: 00:00:04
Fold 6 Epoch 080; Train loss: 0.0462; Time: 00:00:04
Fold 6: Evaluation at Epoch 80
HR@5       NDCG@5     HR@10      NDCG@10   
0.812914   0.769330   0.829470   0.774386  
Loss: 0.1656
Fold 6 Epoch 081; Train loss: 0.0476; Time: 00:00:03
Fold 6 Epoch 082; Train loss: 0.0307; Time: 00:00:04
Fold 6 Epoch 083; Train loss: 0.0185; Time: 00:00:04
Fold 6 Epoch 084; Train loss: 0.0294; Time: 00:00:04
Fold 6 Epoch 085; Train loss: 0.0428; Time: 00:00:04
Fold 6 Epoch 086; Train loss: 0.0542; Time: 00:00:04
Fold 6 Epoch 087; Train loss: 0.0404; Time: 00:00:04
Fold 6 Epoch 088; Train loss: 0.0443; Time: 00:00:04
Fold 6 Epoch 089; Train loss: 0.1387; Time: 00:00:04
Fold 6 Epoch 090; Train loss: 0.0932; Time: 00:00:04
Fold 6: Evaluation at Epoch 90
HR@5       NDCG@5     HR@10      NDCG@10   
0.773179   0.707985   0.814570   0.721570  
Loss: 0.2087
Fold 6 Epoch 091; Train loss: 0.0517; Time: 00:00:05
Fold 6 Epoch 092; Train loss: 0.0287; Time: 00:00:04
Fold 6 Epoch 093; Train loss: 0.0346; Time: 00:00:04
Fold 6 Epoch 094; Train loss: 0.0374; Time: 00:00:04
Fold 6 Epoch 095; Train loss: 0.0473; Time: 00:00:04
Fold 6 Epoch 096; Train loss: 0.0320; Time: 00:00:04
Fold 6 Epoch 097; Train loss: 0.0241; Time: 00:00:04
Fold 6 Epoch 098; Train loss: 0.0566; Time: 00:00:04
Fold 6 Epoch 099; Train loss: 0.0498; Time: 00:00:04
Fold 6 Epoch 100; Train loss: 0.0305; Time: 00:00:05
Fold 6: Evaluation at Epoch 100
HR@5       NDCG@5     HR@10      NDCG@10   
0.834437   0.788161   0.844371   0.791392  
Loss: 0.1609
Fold 6: Final Test Phase
HR@5       NDCG@5     HR@10      NDCG@10   
0.826159   0.789304   0.850993   0.797252  
Loss: 0.1571
Fold 6: Final Test Loss: 0.1571, HR@5: 0.8262
Results for Fold 6
Fold 6 Metrics:
Epoch	TrainLoss	TestLoss	HR@5	NDCG@5	HR@10	NDCG@10
10	0.1632	0.2892	0.5927	0.5253	0.6258	0.5365
20	0.1013	0.2540	0.6871	0.6276	0.7202	0.6386
30	0.0737	0.2121	0.7666	0.7265	0.8046	0.7388
40	0.0893	0.2133	0.7517	0.7099	0.7930	0.7231
50	0.0752	0.2091	0.7649	0.6952	0.7930	0.7046
60	0.0418	0.1863	0.7997	0.7523	0.8245	0.7604
70	0.0590	0.1732	0.7914	0.7412	0.8262	0.7528
80	0.0462	0.1656	0.8129	0.7693	0.8295	0.7744
90	0.0932	0.2087	0.7732	0.7080	0.8146	0.7216
100	0.0305	0.1571	0.8262	0.7893	0.8510	0.7973


========== Fold 7 ==========
3883
Fold 7 Epoch 001; Train loss: 0.5852; Time: 00:00:04
Fold 7 Epoch 002; Train loss: 0.4165; Time: 00:00:04
Fold 7 Epoch 003; Train loss: 0.4251; Time: 00:00:04
Fold 7 Epoch 004; Train loss: 0.3319; Time: 00:00:03
Fold 7 Epoch 005; Train loss: 0.3013; Time: 00:00:03
Fold 7 Epoch 006; Train loss: 0.2623; Time: 00:00:04
Fold 7 Epoch 007; Train loss: 0.3068; Time: 00:00:05
Fold 7 Epoch 008; Train loss: 0.2060; Time: 00:00:05
Fold 7 Epoch 009; Train loss: 0.2069; Time: 00:00:04
Fold 7 Epoch 010; Train loss: 0.1565; Time: 00:00:04
Fold 7: Evaluation at Epoch 10
HR@5       NDCG@5     HR@10      NDCG@10   
0.599338   0.528872   0.647351   0.544556  
Loss: 0.3198
Fold 7 Epoch 011; Train loss: 0.1669; Time: 00:00:04
Fold 7 Epoch 012; Train loss: 0.1343; Time: 00:00:04
Fold 7 Epoch 013; Train loss: 0.1295; Time: 00:00:04
Fold 7 Epoch 014; Train loss: 0.1643; Time: 00:00:05
Fold 7 Epoch 015; Train loss: 0.0934; Time: 00:00:04
Fold 7 Epoch 016; Train loss: 0.1447; Time: 00:00:03
Fold 7 Epoch 017; Train loss: 0.1408; Time: 00:00:04
Fold 7 Epoch 018; Train loss: 0.1823; Time: 00:00:04
Fold 7 Epoch 019; Train loss: 0.1350; Time: 00:00:04
Fold 7 Epoch 020; Train loss: 0.0815; Time: 00:00:04
Fold 7: Evaluation at Epoch 20
HR@5       NDCG@5     HR@10      NDCG@10   
0.690397   0.631439   0.726821   0.643280  
Loss: 0.2877
Fold 7 Epoch 021; Train loss: 0.0656; Time: 00:00:04
Fold 7 Epoch 022; Train loss: 0.1285; Time: 00:00:04
Fold 7 Epoch 023; Train loss: 0.0994; Time: 00:00:04
Fold 7 Epoch 024; Train loss: 0.1166; Time: 00:00:04
Fold 7 Epoch 025; Train loss: 0.0638; Time: 00:00:03
Fold 7 Epoch 026; Train loss: 0.1190; Time: 00:00:03
Fold 7 Epoch 027; Train loss: 0.0678; Time: 00:00:04
Fold 7 Epoch 028; Train loss: 0.0999; Time: 00:00:04
Fold 7 Epoch 029; Train loss: 0.0740; Time: 00:00:04
Fold 7 Epoch 030; Train loss: 0.0705; Time: 00:00:04
Fold 7: Evaluation at Epoch 30
HR@5       NDCG@5     HR@10      NDCG@10   
0.735099   0.674428   0.768212   0.684948  
Loss: 0.2446
Fold 7 Epoch 031; Train loss: 0.0561; Time: 00:00:03
Fold 7 Epoch 032; Train loss: 0.0714; Time: 00:00:04
Fold 7 Epoch 033; Train loss: 0.0969; Time: 00:00:04
Fold 7 Epoch 034; Train loss: 0.0753; Time: 00:00:04
Fold 7 Epoch 035; Train loss: 0.0704; Time: 00:00:05
Fold 7 Epoch 036; Train loss: 0.0714; Time: 00:00:04
Fold 7 Epoch 037; Train loss: 0.0840; Time: 00:00:04
Fold 7 Epoch 038; Train loss: 0.0537; Time: 00:00:04
Fold 7 Epoch 039; Train loss: 0.0712; Time: 00:00:04
Fold 7 Epoch 040; Train loss: 0.0412; Time: 00:00:03
Fold 7: Evaluation at Epoch 40
HR@5       NDCG@5     HR@10      NDCG@10   
0.746689   0.692690   0.776490   0.701925  
Loss: 0.2365
Fold 7 Epoch 041; Train loss: 0.0561; Time: 00:00:03
Fold 7 Epoch 042; Train loss: 0.0794; Time: 00:00:03
Fold 7 Epoch 043; Train loss: 0.0637; Time: 00:00:03
Fold 7 Epoch 044; Train loss: 0.0714; Time: 00:00:03
Fold 7 Epoch 045; Train loss: 0.0731; Time: 00:00:03
Fold 7 Epoch 046; Train loss: 0.0718; Time: 00:00:04
Fold 7 Epoch 047; Train loss: 0.0632; Time: 00:00:04
Fold 7 Epoch 048; Train loss: 0.0426; Time: 00:00:04
Fold 7 Epoch 049; Train loss: 0.0571; Time: 00:00:04
Fold 7 Epoch 050; Train loss: 0.0784; Time: 00:00:04
Fold 7: Evaluation at Epoch 50
HR@5       NDCG@5     HR@10      NDCG@10   
0.771523   0.707546   0.788079   0.712910  
Loss: 0.2256
Fold 7 Epoch 051; Train loss: 0.0230; Time: 00:00:05
Fold 7 Epoch 052; Train loss: 0.0325; Time: 00:00:03
Fold 7 Epoch 053; Train loss: 0.0662; Time: 00:00:04
Fold 7 Epoch 054; Train loss: 0.0783; Time: 00:00:04
Fold 7 Epoch 055; Train loss: 0.0518; Time: 00:00:04
Fold 7 Epoch 056; Train loss: 0.0672; Time: 00:00:04
Fold 7 Epoch 057; Train loss: 0.0329; Time: 00:00:04
Fold 7 Epoch 058; Train loss: 0.0351; Time: 00:00:03
Fold 7 Epoch 059; Train loss: 0.0674; Time: 00:00:04
Fold 7 Epoch 060; Train loss: 0.0895; Time: 00:00:04
Fold 7: Evaluation at Epoch 60
HR@5       NDCG@5     HR@10      NDCG@10   
0.786424   0.728159   0.812914   0.736513  
Loss: 0.2092
Fold 7 Epoch 061; Train loss: 0.0439; Time: 00:00:04
Fold 7 Epoch 062; Train loss: 0.0622; Time: 00:00:04
Fold 7 Epoch 063; Train loss: 0.0424; Time: 00:00:04
Fold 7 Epoch 064; Train loss: 0.0387; Time: 00:00:04
Fold 7 Epoch 065; Train loss: 0.0522; Time: 00:00:04
Fold 7 Epoch 066; Train loss: 0.0643; Time: 00:00:05
Fold 7 Epoch 067; Train loss: 0.0533; Time: 00:00:04
Fold 7 Epoch 068; Train loss: 0.0417; Time: 00:00:04
Fold 7 Epoch 069; Train loss: 0.0588; Time: 00:00:04
Fold 7 Epoch 070; Train loss: 0.0473; Time: 00:00:04
Fold 7: Evaluation at Epoch 70
HR@5       NDCG@5     HR@10      NDCG@10   
0.798013   0.753655   0.817881   0.760261  
Loss: 0.1958
Fold 7 Epoch 071; Train loss: 0.1032; Time: 00:00:04
Fold 7 Epoch 072; Train loss: 0.0364; Time: 00:00:04
Fold 7 Epoch 073; Train loss: 0.0383; Time: 00:00:04
Fold 7 Epoch 074; Train loss: 0.0214; Time: 00:00:04
Fold 7 Epoch 075; Train loss: 0.0653; Time: 00:00:04
Fold 7 Epoch 076; Train loss: 0.0558; Time: 00:00:05
Fold 7 Epoch 077; Train loss: 0.0323; Time: 00:00:04
Fold 7 Epoch 078; Train loss: 0.0387; Time: 00:00:04
Fold 7 Epoch 079; Train loss: 0.0532; Time: 00:00:03
Fold 7 Epoch 080; Train loss: 0.0359; Time: 00:00:05
Fold 7: Evaluation at Epoch 80
HR@5       NDCG@5     HR@10      NDCG@10   
0.822848   0.794416   0.832781   0.797438  
Loss: 0.1812
Fold 7 Epoch 081; Train loss: 0.0259; Time: 00:00:04
Fold 7 Epoch 082; Train loss: 0.0410; Time: 00:00:04
Fold 7 Epoch 083; Train loss: 0.0220; Time: 00:00:04
Fold 7 Epoch 084; Train loss: 0.0224; Time: 00:00:04
Fold 7 Epoch 085; Train loss: 0.0261; Time: 00:00:05
Fold 7 Epoch 086; Train loss: 0.0553; Time: 00:00:04
Fold 7 Epoch 087; Train loss: 0.0332; Time: 00:00:04
Fold 7 Epoch 088; Train loss: 0.0198; Time: 00:00:04
Fold 7 Epoch 089; Train loss: 0.0676; Time: 00:00:04
Fold 7 Epoch 090; Train loss: 0.0345; Time: 00:00:04
Fold 7: Evaluation at Epoch 90
HR@5       NDCG@5     HR@10      NDCG@10   
0.806291   0.775671   0.827815   0.782554  
Loss: 0.1780
Fold 7 Epoch 091; Train loss: 0.0541; Time: 00:00:04
Fold 7 Epoch 092; Train loss: 0.0363; Time: 00:00:03
Fold 7 Epoch 093; Train loss: 0.0862; Time: 00:00:04
Fold 7 Epoch 094; Train loss: 0.0314; Time: 00:00:04
Fold 7 Epoch 095; Train loss: 0.0315; Time: 00:00:04
Fold 7 Epoch 096; Train loss: 0.0198; Time: 00:00:04
Fold 7 Epoch 097; Train loss: 0.0449; Time: 00:00:04
Fold 7 Epoch 098; Train loss: 0.0727; Time: 00:00:05
Fold 7 Epoch 099; Train loss: 0.0205; Time: 00:00:05
Fold 7 Epoch 100; Train loss: 0.0258; Time: 00:00:05
Fold 7: Evaluation at Epoch 100
HR@5       NDCG@5     HR@10      NDCG@10   
0.811258   0.769630   0.826159   0.774511  
Loss: 0.1774
Fold 7: Final Test Phase
HR@5       NDCG@5     HR@10      NDCG@10   
0.809603   0.766760   0.826159   0.771850  
Loss: 0.1842
Fold 7: Final Test Loss: 0.1842, HR@5: 0.8096
Results for Fold 7
Fold 7 Metrics:
Epoch	TrainLoss	TestLoss	HR@5	NDCG@5	HR@10	NDCG@10
10	0.1565	0.3198	0.5993	0.5289	0.6474	0.5446
20	0.0815	0.2877	0.6904	0.6314	0.7268	0.6433
30	0.0705	0.2446	0.7351	0.6744	0.7682	0.6849
40	0.0412	0.2365	0.7467	0.6927	0.7765	0.7019
50	0.0784	0.2256	0.7715	0.7075	0.7881	0.7129
60	0.0895	0.2092	0.7864	0.7282	0.8129	0.7365
70	0.0473	0.1958	0.7980	0.7537	0.8179	0.7603
80	0.0359	0.1812	0.8228	0.7944	0.8328	0.7974
90	0.0345	0.1780	0.8063	0.7757	0.8278	0.7826
100	0.0258	0.1842	0.8096	0.7668	0.8262	0.7718


========== Fold 8 ==========
3883
Fold 8 Epoch 001; Train loss: 0.5654; Time: 00:00:03
Fold 8 Epoch 002; Train loss: 0.4777; Time: 00:00:04
Fold 8 Epoch 003; Train loss: 0.4409; Time: 00:00:05
Fold 8 Epoch 004; Train loss: 0.3259; Time: 00:00:04
Fold 8 Epoch 005; Train loss: 0.2885; Time: 00:00:04
Fold 8 Epoch 006; Train loss: 0.2942; Time: 00:00:03
Fold 8 Epoch 007; Train loss: 0.2189; Time: 00:00:05
Fold 8 Epoch 008; Train loss: 0.2232; Time: 00:00:04
Fold 8 Epoch 009; Train loss: 0.2162; Time: 00:00:03
Fold 8 Epoch 010; Train loss: 0.2594; Time: 00:00:04
Fold 8: Evaluation at Epoch 10
HR@5       NDCG@5     HR@10      NDCG@10   
0.594371   0.527799   0.653974   0.547153  
Loss: 0.3317
Fold 8 Epoch 011; Train loss: 0.1339; Time: 00:00:03
Fold 8 Epoch 012; Train loss: 0.2078; Time: 00:00:04
Fold 8 Epoch 013; Train loss: 0.1804; Time: 00:00:03
Fold 8 Epoch 014; Train loss: 0.1465; Time: 00:00:03
Fold 8 Epoch 015; Train loss: 0.1306; Time: 00:00:03
Fold 8 Epoch 016; Train loss: 0.1054; Time: 00:00:04
Fold 8 Epoch 017; Train loss: 0.1125; Time: 00:00:04
Fold 8 Epoch 018; Train loss: 0.0755; Time: 00:00:04
Fold 8 Epoch 019; Train loss: 0.1104; Time: 00:00:04
Fold 8 Epoch 020; Train loss: 0.1256; Time: 00:00:04
Fold 8: Evaluation at Epoch 20
HR@5       NDCG@5     HR@10      NDCG@10   
0.650662   0.595728   0.693709   0.609662  
Loss: 0.3086
Fold 8 Epoch 021; Train loss: 0.1075; Time: 00:00:04
Fold 8 Epoch 022; Train loss: 0.0769; Time: 00:00:04
Fold 8 Epoch 023; Train loss: 0.1212; Time: 00:00:04
Fold 8 Epoch 024; Train loss: 0.0637; Time: 00:00:04
Fold 8 Epoch 025; Train loss: 0.0969; Time: 00:00:04
Fold 8 Epoch 026; Train loss: 0.1013; Time: 00:00:04
Fold 8 Epoch 027; Train loss: 0.1118; Time: 00:00:03
Fold 8 Epoch 028; Train loss: 0.0956; Time: 00:00:04
Fold 8 Epoch 029; Train loss: 0.0704; Time: 00:00:03
Fold 8 Epoch 030; Train loss: 0.0949; Time: 00:00:04
Fold 8: Evaluation at Epoch 30
HR@5       NDCG@5     HR@10      NDCG@10   
0.720199   0.674685   0.745033   0.682590  
Loss: 0.2619
Fold 8 Epoch 031; Train loss: 0.0632; Time: 00:00:04
Fold 8 Epoch 032; Train loss: 0.0624; Time: 00:00:05
Fold 8 Epoch 033; Train loss: 0.1267; Time: 00:00:04
Fold 8 Epoch 034; Train loss: 0.0805; Time: 00:00:04
Fold 8 Epoch 035; Train loss: 0.1080; Time: 00:00:03
Fold 8 Epoch 036; Train loss: 0.0750; Time: 00:00:03
Fold 8 Epoch 037; Train loss: 0.0849; Time: 00:00:05
Fold 8 Epoch 038; Train loss: 0.0508; Time: 00:00:04
Fold 8 Epoch 039; Train loss: 0.0469; Time: 00:00:04
Fold 8 Epoch 040; Train loss: 0.0519; Time: 00:00:03
Fold 8: Evaluation at Epoch 40
HR@5       NDCG@5     HR@10      NDCG@10   
0.746689   0.701264   0.773179   0.709931  
Loss: 0.2544
Fold 8 Epoch 041; Train loss: 0.0464; Time: 00:00:04
Fold 8 Epoch 042; Train loss: 0.0626; Time: 00:00:04
Fold 8 Epoch 043; Train loss: 0.0728; Time: 00:00:04
Fold 8 Epoch 044; Train loss: 0.0669; Time: 00:00:05
Fold 8 Epoch 045; Train loss: 0.0559; Time: 00:00:03
Fold 8 Epoch 046; Train loss: 0.0690; Time: 00:00:03
Fold 8 Epoch 047; Train loss: 0.0519; Time: 00:00:03
Fold 8 Epoch 048; Train loss: 0.0572; Time: 00:00:04
Fold 8 Epoch 049; Train loss: 0.0575; Time: 00:00:04
Fold 8 Epoch 050; Train loss: 0.0274; Time: 00:00:03
Fold 8: Evaluation at Epoch 50
HR@5       NDCG@5     HR@10      NDCG@10   
0.766556   0.725687   0.801325   0.736937  
Loss: 0.2241
Fold 8 Epoch 051; Train loss: 0.0532; Time: 00:00:04
Fold 8 Epoch 052; Train loss: 0.0551; Time: 00:00:04
Fold 8 Epoch 053; Train loss: 0.0606; Time: 00:00:04
Fold 8 Epoch 054; Train loss: 0.0686; Time: 00:00:04
Fold 8 Epoch 055; Train loss: 0.0308; Time: 00:00:04
Fold 8 Epoch 056; Train loss: 0.0215; Time: 00:00:03
Fold 8 Epoch 057; Train loss: 0.0626; Time: 00:00:04
Fold 8 Epoch 058; Train loss: 0.0216; Time: 00:00:05
Fold 8 Epoch 059; Train loss: 0.0420; Time: 00:00:04
Fold 8 Epoch 060; Train loss: 0.0722; Time: 00:00:03
Fold 8: Evaluation at Epoch 60
HR@5       NDCG@5     HR@10      NDCG@10   
0.766556   0.719246   0.799669   0.730004  
Loss: 0.2242
Fold 8 Epoch 061; Train loss: 0.0821; Time: 00:00:05
Fold 8 Epoch 062; Train loss: 0.0705; Time: 00:00:04
Fold 8 Epoch 063; Train loss: 0.0393; Time: 00:00:04
Fold 8 Epoch 064; Train loss: 0.0474; Time: 00:00:05
Fold 8 Epoch 065; Train loss: 0.0337; Time: 00:00:03
Fold 8 Epoch 066; Train loss: 0.0502; Time: 00:00:03
Fold 8 Epoch 067; Train loss: 0.0079; Time: 00:00:03
Fold 8 Epoch 068; Train loss: 0.0534; Time: 00:00:04
Fold 8 Epoch 069; Train loss: 0.0420; Time: 00:00:04
Fold 8 Epoch 070; Train loss: 0.0521; Time: 00:00:04
Fold 8: Evaluation at Epoch 70
HR@5       NDCG@5     HR@10      NDCG@10   
0.791391   0.753344   0.816225   0.761527  
Loss: 0.2035
Fold 8 Epoch 071; Train loss: 0.0555; Time: 00:00:04
Fold 8 Epoch 072; Train loss: 0.0520; Time: 00:00:04
Fold 8 Epoch 073; Train loss: 0.0227; Time: 00:00:03
Fold 8 Epoch 074; Train loss: 0.0347; Time: 00:00:04
Fold 8 Epoch 075; Train loss: 0.0430; Time: 00:00:03
Fold 8 Epoch 076; Train loss: 0.0650; Time: 00:00:04
Fold 8 Epoch 077; Train loss: 0.1790; Time: 00:00:03
Fold 8 Epoch 078; Train loss: 0.0586; Time: 00:00:04
Fold 8 Epoch 079; Train loss: 0.0543; Time: 00:00:03
Fold 8 Epoch 080; Train loss: 0.0525; Time: 00:00:04
Fold 8: Evaluation at Epoch 80
HR@5       NDCG@5     HR@10      NDCG@10   
0.789735   0.752056   0.807947   0.757779  
Loss: 0.2358
Fold 8 Epoch 081; Train loss: 0.0459; Time: 00:00:04
Fold 8 Epoch 082; Train loss: 0.0233; Time: 00:00:04
Fold 8 Epoch 083; Train loss: 0.0171; Time: 00:00:03
Fold 8 Epoch 084; Train loss: 0.0359; Time: 00:00:03
Fold 8 Epoch 085; Train loss: 0.0224; Time: 00:00:03
Fold 8 Epoch 086; Train loss: 0.0256; Time: 00:00:04
Fold 8 Epoch 087; Train loss: 0.0570; Time: 00:00:04
Fold 8 Epoch 088; Train loss: 0.0141; Time: 00:00:04
Fold 8 Epoch 089; Train loss: 0.0249; Time: 00:00:04
Fold 8 Epoch 090; Train loss: 0.0199; Time: 00:00:05
Fold 8: Evaluation at Epoch 90
HR@5       NDCG@5     HR@10      NDCG@10   
0.807947   0.779275   0.822848   0.784213  
Loss: 0.2005
Fold 8 Epoch 091; Train loss: 0.0189; Time: 00:00:04
Fold 8 Epoch 092; Train loss: 0.0124; Time: 00:00:04
Fold 8 Epoch 093; Train loss: 0.0494; Time: 00:00:04
Fold 8 Epoch 094; Train loss: 0.0165; Time: 00:00:04
Fold 8 Epoch 095; Train loss: 0.0574; Time: 00:00:03
Fold 8 Epoch 096; Train loss: 0.0123; Time: 00:00:04
Fold 8 Epoch 097; Train loss: 0.0256; Time: 00:00:04
Fold 8 Epoch 098; Train loss: 0.0280; Time: 00:00:04
Fold 8 Epoch 099; Train loss: 0.0396; Time: 00:00:04
Fold 8 Epoch 100; Train loss: 0.0266; Time: 00:00:04
Fold 8: Evaluation at Epoch 100
HR@5       NDCG@5     HR@10      NDCG@10   
0.816225   0.786371   0.822848   0.788639  
Loss: 0.2048
Fold 8: Final Test Phase
HR@5       NDCG@5     HR@10      NDCG@10   
0.807947   0.776273   0.822848   0.780905  
Loss: 0.2053
Fold 8: Final Test Loss: 0.2053, HR@5: 0.8079
Results for Fold 8
Fold 8 Metrics:
Epoch	TrainLoss	TestLoss	HR@5	NDCG@5	HR@10	NDCG@10
10	0.2594	0.3317	0.5944	0.5278	0.6540	0.5472
20	0.1256	0.3086	0.6507	0.5957	0.6937	0.6097
30	0.0949	0.2619	0.7202	0.6747	0.7450	0.6826
40	0.0519	0.2544	0.7467	0.7013	0.7732	0.7099
50	0.0274	0.2241	0.7666	0.7257	0.8013	0.7369
60	0.0722	0.2242	0.7666	0.7192	0.7997	0.7300
70	0.0521	0.2035	0.7914	0.7533	0.8162	0.7615
80	0.0525	0.2358	0.7897	0.7521	0.8079	0.7578
90	0.0199	0.2005	0.8079	0.7793	0.8228	0.7842
100	0.0266	0.2053	0.8079	0.7763	0.8228	0.7809


========== Fold 9 ==========
3883
Fold 9 Epoch 001; Train loss: 0.5698; Time: 00:00:05
Fold 9 Epoch 002; Train loss: 0.4288; Time: 00:00:03
Fold 9 Epoch 003; Train loss: 0.3591; Time: 00:00:03
Fold 9 Epoch 004; Train loss: 0.3165; Time: 00:00:03
Fold 9 Epoch 005; Train loss: 0.2544; Time: 00:00:03
Fold 9 Epoch 006; Train loss: 0.2304; Time: 00:00:03
Fold 9 Epoch 007; Train loss: 0.2618; Time: 00:00:04
Fold 9 Epoch 008; Train loss: 0.2553; Time: 00:00:04
Fold 9 Epoch 009; Train loss: 0.2508; Time: 00:00:04
Fold 9 Epoch 010; Train loss: 0.2080; Time: 00:00:03
Fold 9: Evaluation at Epoch 10
HR@5       NDCG@5     HR@10      NDCG@10   
0.596026   0.525695   0.634106   0.537708  
Loss: 0.2999
Fold 9 Epoch 011; Train loss: 0.1765; Time: 00:00:04
Fold 9 Epoch 012; Train loss: 0.1619; Time: 00:00:04
Fold 9 Epoch 013; Train loss: 0.2384; Time: 00:00:05
Fold 9 Epoch 014; Train loss: 0.1524; Time: 00:00:03
Fold 9 Epoch 015; Train loss: 0.1469; Time: 00:00:04
Fold 9 Epoch 016; Train loss: 0.1491; Time: 00:00:04
Fold 9 Epoch 017; Train loss: 0.1057; Time: 00:00:04
Fold 9 Epoch 018; Train loss: 0.1424; Time: 00:00:04
Fold 9 Epoch 019; Train loss: 0.1297; Time: 00:00:04
Fold 9 Epoch 020; Train loss: 0.1040; Time: 00:00:04
Fold 9: Evaluation at Epoch 20
HR@5       NDCG@5     HR@10      NDCG@10   
0.693709   0.631083   0.740066   0.646156  
Loss: 0.2429
Fold 9 Epoch 021; Train loss: 0.1474; Time: 00:00:04
Fold 9 Epoch 022; Train loss: 0.1252; Time: 00:00:04
Fold 9 Epoch 023; Train loss: 0.1258; Time: 00:00:04
Fold 9 Epoch 024; Train loss: 0.1472; Time: 00:00:04
Fold 9 Epoch 025; Train loss: 0.0978; Time: 00:00:04
Fold 9 Epoch 026; Train loss: 0.0951; Time: 00:00:04
Fold 9 Epoch 027; Train loss: 0.0982; Time: 00:00:04
Fold 9 Epoch 028; Train loss: 0.0689; Time: 00:00:04
Fold 9 Epoch 029; Train loss: 0.0864; Time: 00:00:03
Fold 9 Epoch 030; Train loss: 0.0951; Time: 00:00:04
Fold 9: Evaluation at Epoch 30
HR@5       NDCG@5     HR@10      NDCG@10   
0.774834   0.719543   0.799669   0.727628  
Loss: 0.2150
Fold 9 Epoch 031; Train loss: 0.0957; Time: 00:00:04
Fold 9 Epoch 032; Train loss: 0.0953; Time: 00:00:04
Fold 9 Epoch 033; Train loss: 0.0538; Time: 00:00:03
Fold 9 Epoch 034; Train loss: 0.0880; Time: 00:00:04
Fold 9 Epoch 035; Train loss: 0.0534; Time: 00:00:03
Fold 9 Epoch 036; Train loss: 0.0389; Time: 00:00:04
Fold 9 Epoch 037; Train loss: 0.0958; Time: 00:00:03
Fold 9 Epoch 038; Train loss: 0.0560; Time: 00:00:04
Fold 9 Epoch 039; Train loss: 0.0948; Time: 00:00:04
Fold 9 Epoch 040; Train loss: 0.0661; Time: 00:00:04
Fold 9: Evaluation at Epoch 40
HR@5       NDCG@5     HR@10      NDCG@10   
0.794702   0.745091   0.814570   0.751712  
Loss: 0.1872
Fold 9 Epoch 041; Train loss: 0.0437; Time: 00:00:04
Fold 9 Epoch 042; Train loss: 0.1012; Time: 00:00:04
Fold 9 Epoch 043; Train loss: 0.1193; Time: 00:00:04
Fold 9 Epoch 044; Train loss: 0.0412; Time: 00:00:05
Fold 9 Epoch 045; Train loss: 0.0276; Time: 00:00:03
Fold 9 Epoch 046; Train loss: 0.0464; Time: 00:00:04
Fold 9 Epoch 047; Train loss: 0.0318; Time: 00:00:04
Fold 9 Epoch 048; Train loss: 0.0381; Time: 00:00:03
Fold 9 Epoch 049; Train loss: 0.0594; Time: 00:00:04
Fold 9 Epoch 050; Train loss: 0.0465; Time: 00:00:04
Fold 9: Evaluation at Epoch 50
HR@5       NDCG@5     HR@10      NDCG@10   
0.809603   0.759362   0.827815   0.765331  
Loss: 0.1892
Fold 9 Epoch 051; Train loss: 0.0730; Time: 00:00:03
Fold 9 Epoch 052; Train loss: 0.0540; Time: 00:00:04
Fold 9 Epoch 053; Train loss: 0.0361; Time: 00:00:04
Fold 9 Epoch 054; Train loss: 0.0474; Time: 00:00:03
Fold 9 Epoch 055; Train loss: 0.0684; Time: 00:00:04
Fold 9 Epoch 056; Train loss: 0.0216; Time: 00:00:04
Fold 9 Epoch 057; Train loss: 0.0816; Time: 00:00:04
Fold 9 Epoch 058; Train loss: 0.0487; Time: 00:00:04
Fold 9 Epoch 059; Train loss: 0.0404; Time: 00:00:03
Fold 9 Epoch 060; Train loss: 0.0447; Time: 00:00:04
Fold 9: Evaluation at Epoch 60
HR@5       NDCG@5     HR@10      NDCG@10   
0.798013   0.753666   0.819536   0.760580  
Loss: 0.1792
Fold 9 Epoch 061; Train loss: 0.0383; Time: 00:00:04
Fold 9 Epoch 062; Train loss: 0.0492; Time: 00:00:04
Fold 9 Epoch 063; Train loss: 0.0315; Time: 00:00:04
Fold 9 Epoch 064; Train loss: 0.0261; Time: 00:00:04
Fold 9 Epoch 065; Train loss: 0.0968; Time: 00:00:03
Fold 9 Epoch 066; Train loss: 0.0237; Time: 00:00:04
Fold 9 Epoch 067; Train loss: 0.0191; Time: 00:00:05
Fold 9 Epoch 068; Train loss: 0.0287; Time: 00:00:04
Fold 9 Epoch 069; Train loss: 0.0612; Time: 00:00:04
Fold 9 Epoch 070; Train loss: 0.0358; Time: 00:00:04
Fold 9: Evaluation at Epoch 70
HR@5       NDCG@5     HR@10      NDCG@10   
0.801325   0.748600   0.824503   0.756141  
Loss: 0.1773
Fold 9 Epoch 071; Train loss: 0.0351; Time: 00:00:04
Fold 9 Epoch 072; Train loss: 0.0371; Time: 00:00:04
Fold 9 Epoch 073; Train loss: 0.0202; Time: 00:00:04
Fold 9 Epoch 074; Train loss: 0.0185; Time: 00:00:04
Fold 9 Epoch 075; Train loss: 0.0382; Time: 00:00:04
Fold 9 Epoch 076; Train loss: 0.0472; Time: 00:00:04
Fold 9 Epoch 077; Train loss: 0.0503; Time: 00:00:04
Fold 9 Epoch 078; Train loss: 0.0390; Time: 00:00:03
Fold 9 Epoch 079; Train loss: 0.0377; Time: 00:00:04
Fold 9 Epoch 080; Train loss: 0.0447; Time: 00:00:04
Fold 9: Evaluation at Epoch 80
HR@5       NDCG@5     HR@10      NDCG@10   
0.802980   0.761727   0.824503   0.768611  
Loss: 0.1777
Fold 9 Epoch 081; Train loss: 0.0472; Time: 00:00:04
Fold 9 Epoch 082; Train loss: 0.0369; Time: 00:00:04
Fold 9 Epoch 083; Train loss: 0.0345; Time: 00:00:03
Fold 9 Epoch 084; Train loss: 0.0373; Time: 00:00:03
Fold 9 Epoch 085; Train loss: 0.0692; Time: 00:00:05
Fold 9 Epoch 086; Train loss: 0.0560; Time: 00:00:04
Fold 9 Epoch 087; Train loss: 0.0187; Time: 00:00:05
Fold 9 Epoch 088; Train loss: 0.0432; Time: 00:00:04
Fold 9 Epoch 089; Train loss: 0.0528; Time: 00:00:04
Fold 9 Epoch 090; Train loss: 0.0573; Time: 00:00:04
Fold 9: Evaluation at Epoch 90
HR@5       NDCG@5     HR@10      NDCG@10   
0.841060   0.799446   0.860927   0.805792  
Loss: 0.1513
Fold 9 Epoch 091; Train loss: 0.0318; Time: 00:00:04
Fold 9 Epoch 092; Train loss: 0.0192; Time: 00:00:04
Fold 9 Epoch 093; Train loss: 0.0783; Time: 00:00:04
Fold 9 Epoch 094; Train loss: 0.0997; Time: 00:00:04
Fold 9 Epoch 095; Train loss: 0.0506; Time: 00:00:04
Fold 9 Epoch 096; Train loss: 0.0810; Time: 00:00:04
Fold 9 Epoch 097; Train loss: 0.0457; Time: 00:00:04
Fold 9 Epoch 098; Train loss: 0.0816; Time: 00:00:05
Fold 9 Epoch 099; Train loss: 0.0392; Time: 00:00:03
Fold 9 Epoch 100; Train loss: 0.0212; Time: 00:00:03
Fold 9: Evaluation at Epoch 100
HR@5       NDCG@5     HR@10      NDCG@10   
0.839404   0.796877   0.852649   0.801239  
Loss: 0.1587
Fold 9: Final Test Phase
HR@5       NDCG@5     HR@10      NDCG@10   
0.824503   0.785385   0.836093   0.789124  
Loss: 0.1663
Fold 9: Final Test Loss: 0.1663, HR@5: 0.8245
Results for Fold 9
Fold 9 Metrics:
Epoch	TrainLoss	TestLoss	HR@5	NDCG@5	HR@10	NDCG@10
10	0.2080	0.2999	0.5960	0.5257	0.6341	0.5377
20	0.1040	0.2429	0.6937	0.6311	0.7401	0.6462
30	0.0951	0.2150	0.7748	0.7195	0.7997	0.7276
40	0.0661	0.1872	0.7947	0.7451	0.8146	0.7517
50	0.0465	0.1892	0.8096	0.7594	0.8278	0.7653
60	0.0447	0.1792	0.7980	0.7537	0.8195	0.7606
70	0.0358	0.1773	0.8013	0.7486	0.8245	0.7561
80	0.0447	0.1777	0.8030	0.7617	0.8245	0.7686
90	0.0573	0.1513	0.8411	0.7994	0.8609	0.8058
100	0.0212	0.1663	0.8245	0.7854	0.8361	0.7891


========== Fold 10 ==========
3883
Fold 10 Epoch 001; Train loss: 0.5851; Time: 00:00:04
Fold 10 Epoch 002; Train loss: 0.4999; Time: 00:00:04
Fold 10 Epoch 003; Train loss: 0.3902; Time: 00:00:03
Fold 10 Epoch 004; Train loss: 0.2831; Time: 00:00:05
Fold 10 Epoch 005; Train loss: 0.2294; Time: 00:00:04
Fold 10 Epoch 006; Train loss: 0.2454; Time: 00:00:04
Fold 10 Epoch 007; Train loss: 0.3003; Time: 00:00:03
Fold 10 Epoch 008; Train loss: 0.1802; Time: 00:00:04
Fold 10 Epoch 009; Train loss: 0.2188; Time: 00:00:04
Fold 10 Epoch 010; Train loss: 0.1686; Time: 00:00:04
Fold 10: Evaluation at Epoch 10
HR@5       NDCG@5     HR@10      NDCG@10   
0.624172   0.557543   0.657285   0.568371  
Loss: 0.3038
Fold 10 Epoch 011; Train loss: 0.1908; Time: 00:00:04
Fold 10 Epoch 012; Train loss: 0.1640; Time: 00:00:04
Fold 10 Epoch 013; Train loss: 0.1449; Time: 00:00:04
Fold 10 Epoch 014; Train loss: 0.2128; Time: 00:00:04
Fold 10 Epoch 015; Train loss: 0.1328; Time: 00:00:04
Fold 10 Epoch 016; Train loss: 0.1270; Time: 00:00:03
Fold 10 Epoch 017; Train loss: 0.1329; Time: 00:00:04
Fold 10 Epoch 018; Train loss: 0.0584; Time: 00:00:04
Fold 10 Epoch 019; Train loss: 0.1065; Time: 00:00:04
Fold 10 Epoch 020; Train loss: 0.1281; Time: 00:00:04
Fold 10: Evaluation at Epoch 20
HR@5       NDCG@5     HR@10      NDCG@10   
0.683775   0.624195   0.731788   0.639585  
Loss: 0.2835
Fold 10 Epoch 021; Train loss: 0.0941; Time: 00:00:04
Fold 10 Epoch 022; Train loss: 0.1149; Time: 00:00:04
Fold 10 Epoch 023; Train loss: 0.1023; Time: 00:00:03
Fold 10 Epoch 024; Train loss: 0.1114; Time: 00:00:04
Fold 10 Epoch 025; Train loss: 0.1206; Time: 00:00:04
Fold 10 Epoch 026; Train loss: 0.1189; Time: 00:00:04
Fold 10 Epoch 027; Train loss: 0.1081; Time: 00:00:05
Fold 10 Epoch 028; Train loss: 0.1006; Time: 00:00:03
Fold 10 Epoch 029; Train loss: 0.1127; Time: 00:00:04
Fold 10 Epoch 030; Train loss: 0.0633; Time: 00:00:04
Fold 10: Evaluation at Epoch 30
HR@5       NDCG@5     HR@10      NDCG@10   
0.759934   0.694583   0.791391   0.704738  
Loss: 0.2280
Fold 10 Epoch 031; Train loss: 0.1003; Time: 00:00:03
Fold 10 Epoch 032; Train loss: 0.1196; Time: 00:00:05
Fold 10 Epoch 033; Train loss: 0.0432; Time: 00:00:04
Fold 10 Epoch 034; Train loss: 0.0548; Time: 00:00:04
Fold 10 Epoch 035; Train loss: 0.0491; Time: 00:00:03
Fold 10 Epoch 036; Train loss: 0.0492; Time: 00:00:04
Fold 10 Epoch 037; Train loss: 0.0795; Time: 00:00:04
Fold 10 Epoch 038; Train loss: 0.0890; Time: 00:00:03
Fold 10 Epoch 039; Train loss: 0.0970; Time: 00:00:03
Fold 10 Epoch 040; Train loss: 0.0802; Time: 00:00:03
Fold 10: Evaluation at Epoch 40
HR@5       NDCG@5     HR@10      NDCG@10   
0.774834   0.717900   0.809603   0.729267  
Loss: 0.2105
Fold 10 Epoch 041; Train loss: 0.0788; Time: 00:00:05
Fold 10 Epoch 042; Train loss: 0.0674; Time: 00:00:04
Fold 10 Epoch 043; Train loss: 0.0614; Time: 00:00:04
Fold 10 Epoch 044; Train loss: 0.0539; Time: 00:00:04
Fold 10 Epoch 045; Train loss: 0.0553; Time: 00:00:05
Fold 10 Epoch 046; Train loss: 0.0328; Time: 00:00:04
Fold 10 Epoch 047; Train loss: 0.0298; Time: 00:00:03
Fold 10 Epoch 048; Train loss: 0.0651; Time: 00:00:04
Fold 10 Epoch 049; Train loss: 0.0261; Time: 00:00:04
Fold 10 Epoch 050; Train loss: 0.0352; Time: 00:00:03
Fold 10: Evaluation at Epoch 50
HR@5       NDCG@5     HR@10      NDCG@10   
0.776490   0.724031   0.802980   0.732646  
Loss: 0.2017
Fold 10 Epoch 051; Train loss: 0.0528; Time: 00:00:04
Fold 10 Epoch 052; Train loss: 0.0496; Time: 00:00:04
Fold 10 Epoch 053; Train loss: 0.0551; Time: 00:00:03
Fold 10 Epoch 054; Train loss: 0.0685; Time: 00:00:03
Fold 10 Epoch 055; Train loss: 0.0399; Time: 00:00:04
Fold 10 Epoch 056; Train loss: 0.0407; Time: 00:00:04
Fold 10 Epoch 057; Train loss: 0.0353; Time: 00:00:03
Fold 10 Epoch 058; Train loss: 0.0264; Time: 00:00:05
Fold 10 Epoch 059; Train loss: 0.0453; Time: 00:00:04
Fold 10 Epoch 060; Train loss: 0.0336; Time: 00:00:04
Fold 10: Evaluation at Epoch 60
HR@5       NDCG@5     HR@10      NDCG@10   
0.793046   0.757686   0.822848   0.767348  
Loss: 0.1932
Fold 10 Epoch 061; Train loss: 0.0346; Time: 00:00:04
Fold 10 Epoch 062; Train loss: 0.0260; Time: 00:00:04
Fold 10 Epoch 063; Train loss: 0.0187; Time: 00:00:04
Fold 10 Epoch 064; Train loss: 0.0676; Time: 00:00:04
Fold 10 Epoch 065; Train loss: 0.0223; Time: 00:00:03
Fold 10 Epoch 066; Train loss: 0.0362; Time: 00:00:04
Fold 10 Epoch 067; Train loss: 0.0418; Time: 00:00:04
Fold 10 Epoch 068; Train loss: 0.0534; Time: 00:00:04
Fold 10 Epoch 069; Train loss: 0.0284; Time: 00:00:04
Fold 10 Epoch 070; Train loss: 0.0287; Time: 00:00:05
Fold 10: Evaluation at Epoch 70
HR@5       NDCG@5     HR@10      NDCG@10   
0.802980   0.760276   0.819536   0.765681  
Loss: 0.1868
Fold 10 Epoch 071; Train loss: 0.0374; Time: 00:00:03
Fold 10 Epoch 072; Train loss: 0.0193; Time: 00:00:04
Fold 10 Epoch 073; Train loss: 0.0290; Time: 00:00:04
Fold 10 Epoch 074; Train loss: 0.0613; Time: 00:00:03
Fold 10 Epoch 075; Train loss: 0.0335; Time: 00:00:04
Fold 10 Epoch 076; Train loss: 0.0240; Time: 00:00:04
Fold 10 Epoch 077; Train loss: 0.0529; Time: 00:00:04
Fold 10 Epoch 078; Train loss: 0.0455; Time: 00:00:03
Fold 10 Epoch 079; Train loss: 0.0555; Time: 00:00:04
Fold 10 Epoch 080; Train loss: 0.0461; Time: 00:00:04
Fold 10: Evaluation at Epoch 80
HR@5       NDCG@5     HR@10      NDCG@10   
0.816225   0.765756   0.837748   0.772823  
Loss: 0.1776
Fold 10 Epoch 081; Train loss: 0.0213; Time: 00:00:03
Fold 10 Epoch 082; Train loss: 0.0284; Time: 00:00:04
Fold 10 Epoch 083; Train loss: 0.0267; Time: 00:00:04
Fold 10 Epoch 084; Train loss: 0.0219; Time: 00:00:03
Fold 10 Epoch 085; Train loss: 0.0301; Time: 00:00:03
Fold 10 Epoch 086; Train loss: 0.0298; Time: 00:00:04
Fold 10 Epoch 087; Train loss: 0.0551; Time: 00:00:03
Fold 10 Epoch 088; Train loss: 0.0256; Time: 00:00:04
Fold 10 Epoch 089; Train loss: 0.0627; Time: 00:00:04
Fold 10 Epoch 090; Train loss: 0.0183; Time: 00:00:04
Fold 10: Evaluation at Epoch 90
HR@5       NDCG@5     HR@10      NDCG@10   
0.819536   0.778697   0.844371   0.786905  
Loss: 0.1721
Fold 10 Epoch 091; Train loss: 0.0519; Time: 00:00:04
Fold 10 Epoch 092; Train loss: 0.0341; Time: 00:00:05
Fold 10 Epoch 093; Train loss: 0.0532; Time: 00:00:04
Fold 10 Epoch 094; Train loss: 0.0350; Time: 00:00:03
Fold 10 Epoch 095; Train loss: 0.0515; Time: 00:00:03
Fold 10 Epoch 096; Train loss: 0.0237; Time: 00:00:04
Fold 10 Epoch 097; Train loss: 0.0347; Time: 00:00:03
Fold 10 Epoch 098; Train loss: 0.0595; Time: 00:00:03
Fold 10 Epoch 099; Train loss: 0.0284; Time: 00:00:05
Fold 10 Epoch 100; Train loss: 0.0454; Time: 00:00:03
Fold 10: Evaluation at Epoch 100
HR@5       NDCG@5     HR@10      NDCG@10   
0.812914   0.767716   0.836093   0.775358  
Loss: 0.1751
Fold 10: Final Test Phase
HR@5       NDCG@5     HR@10      NDCG@10   
0.812914   0.785297   0.842715   0.795116  
Loss: 0.1704
Fold 10: Final Test Loss: 0.1704, HR@5: 0.8129
Results for Fold 10
Fold 10 Metrics:
Epoch	TrainLoss	TestLoss	HR@5	NDCG@5	HR@10	NDCG@10
10	0.1686	0.3038	0.6242	0.5575	0.6573	0.5684
20	0.1281	0.2835	0.6838	0.6242	0.7318	0.6396
30	0.0633	0.2280	0.7599	0.6946	0.7914	0.7047
40	0.0802	0.2105	0.7748	0.7179	0.8096	0.7293
50	0.0352	0.2017	0.7765	0.7240	0.8030	0.7326
60	0.0336	0.1932	0.7930	0.7577	0.8228	0.7673
70	0.0287	0.1868	0.8030	0.7603	0.8195	0.7657
80	0.0461	0.1776	0.8162	0.7658	0.8377	0.7728
90	0.0183	0.1721	0.8195	0.7787	0.8444	0.7869
100	0.0454	0.1704	0.8129	0.7853	0.8427	0.7951


========== Average Metrics Across Folds ==========
Average Metrics Across Folds:
Epoch	AvgTrainLoss	AvgTestLoss	AvgHR@5	AvgNDCG@5	AvgHR@10	AvgNDCG@10
10	0.1886	0.3158	0.5934	0.5258	0.6386	0.5405
20	0.1117	0.2736	0.6881	0.6273	0.7258	0.6396
30	0.0760	0.2401	0.7414	0.6859	0.7717	0.6958
40	0.0602	0.2231	0.7609	0.7130	0.7902	0.7226
50	0.0534	0.2118	0.7772	0.7259	0.8020	0.7340
60	0.0517	0.2006	0.7879	0.7454	0.8134	0.7537
70	0.0416	0.1944	0.7944	0.7507	0.8166	0.7579
80	0.0353	0.1908	0.8025	0.7606	0.8215	0.7667
90	0.0479	0.1889	0.8065	0.7630	0.8285	0.7703
100	0.0291	0.1807	0.8134	0.7779	0.8308	0.7835

Full average metrics saved to item/average_metrics.txt
Loss data saved to item/loss_data.json
Average training losses saved to item/avg_train_loss.txt
Average test metrics saved to item/average_test_metrics.txt
